
RAxML-NG v. 1.0.0 released on 07.08.2020 by The Exelixis Lab.
Developed by: Alexey M. Kozlov and Alexandros Stamatakis.
Contributors: Diego Darriba, Tomas Flouri, Benoit Morel, Sarah Lutteropp, Ben Bettisworth.
Latest version: https://github.com/amkozlov/raxml-ng
Questions/problems/suggestions? Please visit: https://groups.google.com/forum/#!forum/raxml

System: AMD Opteron(tm) Processor 6176, 48 cores, 252 GB RAM

RAxML-NG was called at 10-Sep-2020 12:32:14 as follows:

/data11/bio/BacGenomeSoft/raxml-ng --msa studio/sorbitol/sorbitol_aligned.fasta --model GTR+G+I --threads 32

Analysis options:
  run mode: ML tree search
  start tree(s): random (10) + parsimony (10)
  random seed: 1599730334
  tip-inner: OFF
  pattern compression: ON
  per-rate scalers: OFF
  site repeats: ON
  fast spr radius: AUTO
  spr subtree cutoff: 1.000000
  branch lengths: proportional (ML estimate, algorithm: NR-FAST)
  SIMD kernels: SSE3
  parallelization: coarse-grained (auto), PTHREADS (32 threads), thread pinning: OFF

[00:00:00] Reading alignment from file: studio/sorbitol/sorbitol_aligned.fasta
[00:00:00] Loaded alignment with 99 taxa and 3741 sites

WARNING: Sequences GCF_002156845.1_ASM215684v1_genomic and GCF_003966445.1_ASM396644v1_genomic are exactly identical!
WARNING: Sequences GCF_002156845.1_ASM215684v1_genomic and GCF_003017975.1_ASM301797v1_genomic are exactly identical!
WARNING: Sequences GCF_002156845.1_ASM215684v1_genomic and GCF_003018535.1_ASM301853v1_genomic are exactly identical!
WARNING: Sequences GCF_002156845.1_ASM215684v1_genomic and GCF_003288295.1_ASM328829v1_genomic are exactly identical!
WARNING: Sequences GCF_013167615.1_ASM1316761v1_genomic and GCF_013167595.1_ASM1316759v1_genomic are exactly identical!
WARNING: Sequences GCF_013167615.1_ASM1316761v1_genomic and GCF_000022225.1_ASM2222v1_genomic are exactly identical!
WARNING: Sequences GCF_013167615.1_ASM1316761v1_genomic and GCF_008727175.1_ASM872717v1_genomic are exactly identical!
WARNING: Sequences GCF_013167615.1_ASM1316761v1_genomic and GCF_008926145.1_ASM892614v1_genomic are exactly identical!
WARNING: Sequences GCF_013167615.1_ASM1316761v1_genomic and GCF_000008865.2_ASM886v2_genomic are exactly identical!
WARNING: Sequences GCF_013167615.1_ASM1316761v1_genomic and GCF_005221885.1_ASM522188v1_genomic are exactly identical!
WARNING: Sequences GCF_013167615.1_ASM1316761v1_genomic and GCF_013167875.1_ASM1316787v1_genomic are exactly identical!
WARNING: Sequences GCF_013167615.1_ASM1316761v1_genomic and GCF_001890345.1_ASM189034v1_genomic are exactly identical!
WARNING: Sequences GCF_013167615.1_ASM1316761v1_genomic and GCF_008462425.1_ASM846242v1_genomic are exactly identical!
WARNING: Sequences GCF_013167615.1_ASM1316761v1_genomic and GCF_008727195.1_ASM872719v1_genomic are exactly identical!
WARNING: Sequences GCF_013167615.1_ASM1316761v1_genomic and GCF_008727135.1_ASM872713v1_genomic are exactly identical!
WARNING: Sequences GCF_013167615.1_ASM1316761v1_genomic and GCF_013343595.1_ASM1334359v1_genomic are exactly identical!
WARNING: Sequences GCF_013167615.1_ASM1316761v1_genomic and GCF_013167435.1_ASM1316743v1_genomic are exactly identical!
WARNING: Sequences GCF_013167615.1_ASM1316761v1_genomic and GCF_007922655.1_ASM792265v1_genomic are exactly identical!
WARNING: Sequences GCF_013167615.1_ASM1316761v1_genomic and GCF_008926165.1_ASM892616v1_genomic are exactly identical!
WARNING: Sequences GCF_013167615.1_ASM1316761v1_genomic and GCF_008931185.1_ASM893118v1_genomic are exactly identical!
WARNING: Sequences GCF_013167615.1_ASM1316761v1_genomic and GCF_013167415.1_ASM1316741v1_genomic are exactly identical!
WARNING: Sequences GCF_013167615.1_ASM1316761v1_genomic and GCF_009627495.1_ASM962749v1_genomic are exactly identical!
WARNING: Sequences GCF_013167615.1_ASM1316761v1_genomic and GCF_001650295.1_ASM165029v1_genomic are exactly identical!
WARNING: Sequences GCF_013085025.1_ASM1308502v1_genomic and GCF_012934715.1_ASM1293471v1_genomic are exactly identical!
WARNING: Sequences GCF_013085025.1_ASM1308502v1_genomic and GCF_002278115.2_ASM227811v2_genomic are exactly identical!
WARNING: Sequences GCF_013085025.1_ASM1308502v1_genomic and GCF_003308975.1_ASM330897v1_genomic are exactly identical!
WARNING: Sequences GCF_013085025.1_ASM1308502v1_genomic and GCF_013372365.1_ASM1337236v1_genomic are exactly identical!
WARNING: Sequences GCF_001420955.1_ASM142095v1_genomic and GCF_001900735.1_ASM190073v1_genomic are exactly identical!
WARNING: Sequences GCF_013167315.1_ASM1316731v1_genomic and GCF_001651965.2_ASM165196v2_genomic are exactly identical!
WARNING: Sequences GCF_013167315.1_ASM1316731v1_genomic and GCF_005221705.1_ASM522170v1_genomic are exactly identical!
WARNING: Sequences GCF_013167315.1_ASM1316731v1_genomic and GCF_005222045.1_ASM522204v1_genomic are exactly identical!
WARNING: Sequences GCF_013167315.1_ASM1316731v1_genomic and GCF_005221845.1_ASM522184v1_genomic are exactly identical!
WARNING: Sequences GCF_013167315.1_ASM1316731v1_genomic and GCF_001695515.1_ASM169551v1_genomic are exactly identical!
WARNING: Sequences GCF_013167315.1_ASM1316731v1_genomic and GCF_009432415.1_ASM943241v1_genomic are exactly identical!
WARNING: Sequences GCF_013167315.1_ASM1316731v1_genomic and GCF_005221685.1_ASM522168v1_genomic are exactly identical!
WARNING: Sequences GCF_013167315.1_ASM1316731v1_genomic and GCF_005221805.1_ASM522180v1_genomic are exactly identical!
WARNING: Sequences GCF_013168015.1_ASM1316801v1_genomic and GCF_013167995.1_ASM1316799v1_genomic are exactly identical!
WARNING: Sequences GCF_013168015.1_ASM1316801v1_genomic and GCF_013167975.1_ASM1316797v1_genomic are exactly identical!
WARNING: Sequences GCF_003018035.1_ASM301803v1_genomic and GCF_003018715.1_ASM301871v1_genomic are exactly identical!
WARNING: Sequences GCF_003018035.1_ASM301803v1_genomic and GCF_004358365.1_ASM435836v1_genomic are exactly identical!
WARNING: Sequences GCF_002591135.1_ASM259113v1_genomic and GCF_002787215.1_ASM278721v1_genomic are exactly identical!
WARNING: Sequences GCF_002591135.1_ASM259113v1_genomic and GCF_003856675.1_ASM385667v1_genomic are exactly identical!
WARNING: Sequences GCF_002193095.1_ASM219309v1_genomic and GCF_002180195.1_ASM218019v1_genomic are exactly identical!
WARNING: Sequences GCF_002193095.1_ASM219309v1_genomic and GCF_000493755.1_ASM49375v1_genomic are exactly identical!
WARNING: Sequences GCF_002193095.1_ASM219309v1_genomic and GCF_001593565.1_ASM159356v1_genomic are exactly identical!
WARNING: Sequences GCF_003073955.1_ASM307395v1_genomic and GCF_002811555.3_ASM281155v3_genomic are exactly identical!
WARNING: Sequences GCF_003073955.1_ASM307395v1_genomic and GCF_002803905.1_ASM280390v1_genomic are exactly identical!
WARNING: Sequences GCF_001021595.1_ASM102159v1_genomic and GCF_000025745.1_ASM2574v1_genomic are exactly identical!
WARNING: Sequences GCF_001021595.1_ASM102159v1_genomic and GCF_013084945.1_ASM1308494v1_genomic are exactly identical!
WARNING: Sequences GCF_001021595.1_ASM102159v1_genomic and GCF_012934475.1_ASM1293447v1_genomic are exactly identical!
WARNING: Sequences GCF_001021595.1_ASM102159v1_genomic and GCF_002846135.1_ASM284613v1_genomic are exactly identical!
WARNING: Sequences GCF_001021595.1_ASM102159v1_genomic and GCF_002285755.1_ASM228575v1_genomic are exactly identical!
WARNING: Sequences GCF_001021595.1_ASM102159v1_genomic and GCF_001280405.1_ASM128040v1_genomic are exactly identical!
WARNING: Sequences GCF_002787645.1_ASM278764v1_genomic and GCF_008152105.1_ASM815210v1_genomic are exactly identical!
WARNING: Sequences GCF_010365385.1_ASM1036538v1_genomic and GCF_900622655.1_MS14385_genomic are exactly identical!
WARNING: Sequences GCF_010365385.1_ASM1036538v1_genomic and GCF_006351885.1_ASM635188v1_genomic are exactly identical!
WARNING: Sequences GCF_002859105.1_ASM285910v1_genomic and GCF_002951675.1_ASM295167v1_genomic are exactly identical!
WARNING: Sequences GCF_004328685.1_ASM432868v1_genomic and GCF_002951695.1_ASM295169v1_genomic are exactly identical!
WARNING: Duplicate sequences found: 58

NOTE: Reduced alignment (with duplicates and gap-only sites/taxa removed) 
NOTE: was saved to: /data12/bio/runs-manolov/operon_travel/studio/sorbitol/sorbitol_aligned.fasta.raxml.reduced.phy

Alignment comprises 1 partitions and 349 patterns

Partition 0: noname
Model: GTR+FO+I+G4m
Alignment sites / patterns: 3741 / 349
Gaps: 0.67 %
Invariant sites: 89.33 %


NOTE: Binary MSA file already exists: studio/sorbitol/sorbitol_aligned.fasta.raxml.rba

Parallelization scheme autoconfig: 16 worker(s) x 2 thread(s)

Parallel reduction/worker buffer size: 1 KB  / 0 KB

[00:00:00] Generating 10 random starting tree(s) with 99 taxa
[00:00:00] Generating 10 parsimony starting tree(s) with 99 taxa
[00:00:00] Data distribution: max. partitions/sites/weight per thread: 1 / 175 / 2800
[00:00:00] Data distribution: max. searches per worker: 2

Starting ML tree search with 20 distinct starting trees

[00:00:00 -28983.607692] Initial branch length optimization
[00:00:00 -23785.011298] Model parameter optimization (eps = 10.000000)
[00:00:02 -19926.350347] AUTODETECT spr round 1 (radius: 5)
[00:00:03 -14703.455662] AUTODETECT spr round 2 (radius: 10)
[00:00:05 -12411.525687] AUTODETECT spr round 3 (radius: 15)
[00:00:07 -11558.901096] AUTODETECT spr round 4 (radius: 20)
[00:00:08 -11474.862053] AUTODETECT spr round 5 (radius: 25)
[00:00:09 -11474.856542] SPR radius for FAST iterations: 20 (autodetect)
[00:00:09 -11474.856542] Model parameter optimization (eps = 3.000000)
[00:00:10 -11314.360275] FAST spr round 1 (radius: 20)
[00:00:11 -10381.695563] FAST spr round 2 (radius: 20)
[00:00:12 -10339.578846] FAST spr round 3 (radius: 20)
[00:00:13 -10339.577978] Model parameter optimization (eps = 1.000000)
[00:00:14 -10328.434814] SLOW spr round 1 (radius: 5)
[00:00:16 -10328.131427] SLOW spr round 2 (radius: 5)
[00:00:17] [worker #15] ML tree search #16, logLikelihood: -10310.361113
[00:00:18 -10328.131169] SLOW spr round 3 (radius: 10)
[00:00:19] [worker #12] ML tree search #13, logLikelihood: -10305.969024
[00:00:20] [worker #11] ML tree search #12, logLikelihood: -10322.301399
[00:00:20] [worker #14] ML tree search #15, logLikelihood: -10326.735761
[00:00:20 -10328.131159] SLOW spr round 4 (radius: 15)
[00:00:21] [worker #10] ML tree search #11, logLikelihood: -10323.254539
[00:00:24 -10328.131158] SLOW spr round 5 (radius: 20)
[00:00:25] [worker #13] ML tree search #14, logLikelihood: -10305.931713
[00:00:27 -10328.131158] SLOW spr round 6 (radius: 25)
[00:00:28] [worker #4] ML tree search #5, logLikelihood: -10309.335090
[00:00:29 -10328.131158] Model parameter optimization (eps = 0.100000)
[00:00:29] [worker #3] ML tree search #4, logLikelihood: -10322.816330

[00:00:30] [worker #0] ML tree search #1, logLikelihood: -10324.487450

[00:00:30 -14600.001379] Initial branch length optimization
[00:00:30 -10890.350556] Model parameter optimization (eps = 10.000000)
[00:00:31] [worker #1] ML tree search #2, logLikelihood: -10309.372849
[00:00:31 -10362.268614] AUTODETECT spr round 1 (radius: 5)
[00:00:31] [worker #8] ML tree search #9, logLikelihood: -10326.945486
[00:00:32] [worker #2] ML tree search #3, logLikelihood: -10306.055183
[00:00:32 -10338.176646] AUTODETECT spr round 2 (radius: 10)
[00:00:32] [worker #5] ML tree search #6, logLikelihood: -10322.356677
[00:00:33 -10336.236156] AUTODETECT spr round 3 (radius: 15)
[00:00:35 -10336.236151] SPR radius for FAST iterations: 10 (autodetect)
[00:00:35 -10336.236151] Model parameter optimization (eps = 3.000000)
[00:00:35 -10330.915635] FAST spr round 1 (radius: 10)
[00:00:35] [worker #7] ML tree search #8, logLikelihood: -10322.349083
[00:00:36 -10329.403053] FAST spr round 2 (radius: 10)
[00:00:37] [worker #6] ML tree search #7, logLikelihood: -10322.405048
[00:00:37 -10329.403046] Model parameter optimization (eps = 1.000000)
[00:00:37 -10327.536878] SLOW spr round 1 (radius: 5)
[00:00:39 -10327.536444] SLOW spr round 2 (radius: 10)
[00:00:39] [worker #9] ML tree search #10, logLikelihood: -10306.057644
[00:00:41 -10327.536443] SLOW spr round 3 (radius: 15)
[00:00:45 -10327.536443] SLOW spr round 4 (radius: 20)
[00:00:48 -10327.536443] SLOW spr round 5 (radius: 25)
[00:00:48] [worker #3] ML tree search #20, logLikelihood: -10305.963682
[00:00:50 -10327.536443] Model parameter optimization (eps = 0.100000)
[00:00:50] [worker #1] ML tree search #18, logLikelihood: -10305.970249

[00:00:50] [worker #0] ML tree search #17, logLikelihood: -10326.420911

[00:00:51] [worker #2] ML tree search #19, logLikelihood: -10324.350587

Optimized model parameters:

   Partition 0: noname
   Rate heterogeneity: GAMMA (4 cats, mean),  alpha: 0.400017 (ML),  weights&rates: (0.250000,0.016717) (0.250000,0.181769) (0.250000,0.731299) (0.250000,3.070215) 
   P-inv (ML): 0.742893
   Base frequencies (ML): 0.236789 0.250925 0.272179 0.240107 
   Substitution rates (ML): 1.090983 5.549475 0.922241 0.572437 4.977382 1.000000 


Final LogLikelihood: -10305.931713

AIC score: 21021.863427 / AICc score: 21045.755930 / BIC score: 22298.420615
Free parameters (model + branch lengths): 205

WARNING: Best ML tree contains 54 near-zero branches!

Best ML tree with collapsed near-zero branches saved to: /data12/bio/runs-manolov/operon_travel/studio/sorbitol/sorbitol_aligned.fasta.raxml.bestTreeCollapsed
Best ML tree saved to: /data12/bio/runs-manolov/operon_travel/studio/sorbitol/sorbitol_aligned.fasta.raxml.bestTree
All ML trees saved to: /data12/bio/runs-manolov/operon_travel/studio/sorbitol/sorbitol_aligned.fasta.raxml.mlTrees
Optimized model saved to: /data12/bio/runs-manolov/operon_travel/studio/sorbitol/sorbitol_aligned.fasta.raxml.bestModel

Execution log saved to: /data12/bio/runs-manolov/operon_travel/studio/sorbitol/sorbitol_aligned.fasta.raxml.log

Analysis started: 10-Sep-2020 12:32:14 / finished: 10-Sep-2020 12:33:06

Elapsed time: 51.509 seconds

