
RAxML-NG v. 1.0.0 released on 07.08.2020 by The Exelixis Lab.
Developed by: Alexey M. Kozlov and Alexandros Stamatakis.
Contributors: Diego Darriba, Tomas Flouri, Benoit Morel, Sarah Lutteropp, Ben Bettisworth.
Latest version: https://github.com/amkozlov/raxml-ng
Questions/problems/suggestions? Please visit: https://groups.google.com/forum/#!forum/raxml

System: AMD EPYC 7502 32-Core Processor, 64 cores, 2003 GB RAM

RAxML-NG was called at 09-Sep-2020 19:11:06 as follows:

/data/ps/soft/raxml-ng_v1.0.0_linux_x86_64/./raxml-ng --msa tmp/og_in_region/pdu/pdu.fasta --model GTR+G+I --all --threads 20

Analysis options:
  run mode: ML tree search + bootstrapping (Felsenstein Bootstrap)
  start tree(s): random (10) + parsimony (10)
  bootstrap replicates: max: 1000 + bootstopping (autoMRE, cutoff: 0.030000)
  random seed: 1599667866
  tip-inner: OFF
  pattern compression: ON
  per-rate scalers: OFF
  site repeats: ON
  branch lengths: proportional (ML estimate, algorithm: NR-FAST)
  SIMD kernels: AVX2
  parallelization: coarse-grained (auto), PTHREADS (20 threads), thread pinning: OFF

[00:00:00] Reading alignment from file: tmp/og_in_region/pdu/pdu.fasta
[00:00:00] Loaded alignment with 117 taxa and 10392 sites

WARNING: Sequences GCF_003991155.1_ASM399115v1_genomic and GCF_003204955.1_ASM320495v1_genomic are exactly identical!
WARNING: Sequences GCF_003991155.1_ASM399115v1_genomic and GCF_002357895.1_ASM235789v1_genomic are exactly identical!
WARNING: Sequences GCF_003991155.1_ASM399115v1_genomic and GCF_002357875.1_ASM235787v1_genomic are exactly identical!
WARNING: Sequences GCF_003991155.1_ASM399115v1_genomic and GCF_008152105.1_ASM815210v1_genomic are exactly identical!
WARNING: Sequences GCF_013372305.1_ASM1337230v1_genomic and GCF_003344465.1_ASM334446v1_genomic are exactly identical!
WARNING: Sequences GCF_013372305.1_ASM1337230v1_genomic and GCF_012149945.1_ASM1214994v1_genomic are exactly identical!
WARNING: Sequences GCF_013372305.1_ASM1337230v1_genomic and GCF_013085905.1_ASM1308590v1_genomic are exactly identical!
WARNING: Sequences GCF_013372305.1_ASM1337230v1_genomic and GCF_013315675.1_ASM1331567v1_genomic are exactly identical!
WARNING: Sequences GCF_003044015.1_ASM304401v1_genomic and GCF_003043915.1_ASM304391v1_genomic are exactly identical!
WARNING: Sequences GCF_003018695.1_ASM301869v1_genomic and GCF_005037715.1_ASM503771v2_genomic are exactly identical!
WARNING: Sequences GCF_003018695.1_ASM301869v1_genomic and GCF_003112145.1_ASM311214v1_genomic are exactly identical!
WARNING: Sequences GCF_003018695.1_ASM301869v1_genomic and GCF_002844165.1_ASM284416v1_genomic are exactly identical!
WARNING: Sequences GCF_003018695.1_ASM301869v1_genomic and GCF_003018775.1_ASM301877v1_genomic are exactly identical!
WARNING: Sequences GCF_003018695.1_ASM301869v1_genomic and GCF_003018935.1_ASM301893v1_genomic are exactly identical!
WARNING: Sequences GCF_002951715.1_ASM295171v1_genomic and GCF_002116715.2_ASM211671v2_genomic are exactly identical!
WARNING: Sequences GCF_900149915.1_EPEC-E2348_69-V2_genomic and GCF_000026545.1_ASM2654v1_genomic are exactly identical!
WARNING: Sequences GCF_900149915.1_EPEC-E2348_69-V2_genomic and GCF_900149875.1_EPEC1_genomic are exactly identical!
WARNING: Sequences GCF_000971615.1_ASM97161v1_genomic and GCF_003018855.1_ASM301885v1_genomic are exactly identical!
WARNING: Sequences GCF_001900375.1_ASM190037v1_genomic and GCF_900622665.1_MS14386_genomic are exactly identical!
WARNING: Sequences GCF_000284495.1_ASM28449v1_genomic and GCF_000183345.1_ASM18334v1_genomic are exactly identical!
WARNING: Sequences GCF_003017615.1_ASM301761v1_genomic and GCF_003570765.1_ASM357076v1_genomic are exactly identical!
WARNING: Sequences GCF_003017615.1_ASM301761v1_genomic and GCF_900636785.1_44257_F01_genomic are exactly identical!
WARNING: Sequences GCF_003017615.1_ASM301761v1_genomic and GCF_003586045.1_E.coli_isolate_genomic are exactly identical!
WARNING: Sequences GCF_003031815.1_ASM303181v1_genomic and GCF_001900635.1_ASM190063v1_genomic are exactly identical!
WARNING: Sequences GCF_001900655.1_ASM190065v1_genomic and GCF_001900715.1_ASM190071v1_genomic are exactly identical!
WARNING: Sequences GCF_000464955.2_ASM46495v2_genomic and GCF_000801185.2_ASM80118v2_genomic are exactly identical!
WARNING: Sequences GCF_001420935.1_ASM142093v1_genomic and GCF_003017805.1_ASM301780v1_genomic are exactly identical!
WARNING: Sequences GCF_003019075.1_ASM301907v1_genomic and GCF_003018075.1_ASM301807v1_genomic are exactly identical!
WARNING: Sequences GCF_900622685.1_MS14387_genomic and GCF_013085025.1_ASM1308502v1_genomic are exactly identical!
WARNING: Sequences GCF_005014055.1_ASM501405v1_genomic and GCF_008761515.1_ASM876151v1_genomic are exactly identical!
WARNING: Duplicate sequences found: 30

NOTE: Reduced alignment (with duplicates and gap-only sites/taxa removed) 
NOTE: was saved to: /data/ps/operon_travel/tmp/og_in_region/pdu/pdu.fasta.raxml.reduced.phy

Alignment comprises 1 partitions and 993 patterns

Partition 0: noname
Model: GTR+FO+I+G4m
Alignment sites / patterns: 10392 / 993
Gaps: 1.72 %
Invariant sites: 88.78 %


NOTE: Binary MSA file created: tmp/og_in_region/pdu/pdu.fasta.raxml.rba

Parallelization scheme autoconfig: 20 worker(s) x 1 thread(s)

Parallel reduction/worker buffer size: 1 KB  / 0 KB

[00:00:00] Generating 10 random starting tree(s) with 117 taxa
[00:00:00] Generating 10 parsimony starting tree(s) with 117 taxa
[00:00:00] Data distribution: max. partitions/sites/weight per thread: 1 / 993 / 15888
[00:00:00] Data distribution: max. searches per worker: 51

Starting ML tree search with 20 distinct starting trees

[00:00:26] [worker #15] ML tree search #16, logLikelihood: -30765.769598
[00:00:31] [worker #12] ML tree search #13, logLikelihood: -30783.676415
[00:00:31] [worker #13] ML tree search #14, logLikelihood: -30756.515067
[00:00:34] [worker #3] ML tree search #4, logLikelihood: -30802.996001
[00:00:39] [worker #18] ML tree search #19, logLikelihood: -30818.894430
[00:00:42] [worker #10] ML tree search #11, logLikelihood: -30858.834919
[00:00:43] [worker #11] ML tree search #12, logLikelihood: -30777.738505
[00:00:47] [worker #1] ML tree search #2, logLikelihood: -30842.383654
[00:00:52] [worker #14] ML tree search #15, logLikelihood: -30756.498270
[00:00:53] [worker #7] ML tree search #8, logLikelihood: -30755.898291
[00:00:55] [worker #0] ML tree search #1, logLikelihood: -30785.939855
[00:00:55] [worker #4] ML tree search #5, logLikelihood: -30781.384741
[00:00:57] [worker #19] ML tree search #20, logLikelihood: -30775.380118
[00:01:00] [worker #17] ML tree search #18, logLikelihood: -30756.517374
[00:01:07] [worker #2] ML tree search #3, logLikelihood: -30753.950376
[00:01:13] [worker #5] ML tree search #6, logLikelihood: -30799.493438
[00:01:16] [worker #9] ML tree search #10, logLikelihood: -30772.055807
[00:01:22] [worker #6] ML tree search #7, logLikelihood: -30784.148700
[00:01:29] [worker #8] ML tree search #9, logLikelihood: -30781.282005
[00:01:54] [worker #16] ML tree search #17, logLikelihood: -30784.118542

[00:01:54] ML tree search completed, best tree logLH: -30753.950376

[00:01:54] Starting bootstrapping analysis with 1000 replicates.

[00:02:18] [worker #7] Bootstrap tree #8, logLikelihood: -30106.619476
[00:02:21] [worker #15] Bootstrap tree #16, logLikelihood: -30297.424994
[00:02:23] [worker #12] Bootstrap tree #13, logLikelihood: -31532.631930
[00:02:24] [worker #17] Bootstrap tree #18, logLikelihood: -30551.528921
[00:02:24] [worker #1] Bootstrap tree #2, logLikelihood: -30162.716866
[00:02:27] [worker #4] Bootstrap tree #5, logLikelihood: -30677.716629
[00:02:31] [worker #13] Bootstrap tree #14, logLikelihood: -30701.103987
[00:02:32] [worker #14] Bootstrap tree #15, logLikelihood: -30799.944522
[00:02:34] [worker #16] Bootstrap tree #17, logLikelihood: -30744.039212
[00:02:36] [worker #19] Bootstrap tree #20, logLikelihood: -30684.530116
[00:02:37] [worker #8] Bootstrap tree #9, logLikelihood: -30258.953058
[00:02:41] [worker #3] Bootstrap tree #4, logLikelihood: -30455.899538
[00:02:42] [worker #10] Bootstrap tree #11, logLikelihood: -30764.314559
[00:02:44] [worker #5] Bootstrap tree #6, logLikelihood: -30622.950523
[00:02:45] [worker #18] Bootstrap tree #19, logLikelihood: -30037.517685
[00:02:46] [worker #7] Bootstrap tree #28, logLikelihood: -30706.901397
[00:02:47] [worker #12] Bootstrap tree #33, logLikelihood: -30139.349835
[00:02:51] [worker #2] Bootstrap tree #3, logLikelihood: -30714.862485
[00:02:51] [worker #1] Bootstrap tree #22, logLikelihood: -31044.496661
[00:02:52] [worker #6] Bootstrap tree #7, logLikelihood: -30191.904154
[00:02:54] [worker #4] Bootstrap tree #25, logLikelihood: -30738.412564
[00:02:54] [worker #11] Bootstrap tree #12, logLikelihood: -30679.245185
[00:02:55] [worker #15] Bootstrap tree #36, logLikelihood: -30622.551989
[00:02:58] [worker #13] Bootstrap tree #34, logLikelihood: -30316.404189
[00:02:58] [worker #9] Bootstrap tree #10, logLikelihood: -30746.637280
[00:03:02] [worker #0] Bootstrap tree #1, logLikelihood: -30618.002122
[00:03:06] [worker #17] Bootstrap tree #38, logLikelihood: -30809.766246
[00:03:06] [worker #8] Bootstrap tree #29, logLikelihood: -30203.870728
[00:03:07] [worker #7] Bootstrap tree #48, logLikelihood: -30978.719964
[00:03:12] [worker #14] Bootstrap tree #35, logLikelihood: -30275.261920
[00:03:14] [worker #18] Bootstrap tree #39, logLikelihood: -30422.757653
[00:03:16] [worker #3] Bootstrap tree #24, logLikelihood: -30662.755339
[00:03:25] [worker #1] Bootstrap tree #42, logLikelihood: -29683.060425
[00:03:26] [worker #9] Bootstrap tree #30, logLikelihood: -30520.008669
[00:03:33] [worker #4] Bootstrap tree #45, logLikelihood: -30442.658150
[00:03:33] [worker #10] Bootstrap tree #31, logLikelihood: -31071.672272
[00:03:41] [worker #19] Bootstrap tree #40, logLikelihood: -30654.059242
[00:03:42] [worker #5] Bootstrap tree #26, logLikelihood: -30247.813722
[00:03:42] [worker #11] Bootstrap tree #32, logLikelihood: -30228.682330
[00:03:45] [worker #8] Bootstrap tree #49, logLikelihood: -30319.334187
[00:03:50] [worker #3] Bootstrap tree #44, logLikelihood: -31469.825524
[00:03:51] [worker #16] Bootstrap tree #37, logLikelihood: -31090.611173
[00:03:51] [worker #9] Bootstrap tree #50, logLikelihood: -30456.132027
[00:03:54] [worker #2] Bootstrap tree #23, logLikelihood: -31180.137830
[00:04:02] [worker #0] Bootstrap tree #21, logLikelihood: -30175.304722
[00:04:07] [worker #6] Bootstrap tree #27, logLikelihood: -31497.751651
[00:04:33] [worker #0] Bootstrap tree #41, logLikelihood: -30108.678150
[00:04:37] [worker #2] Bootstrap tree #43, logLikelihood: -29859.007075
[00:04:47] [worker #5] Bootstrap tree #46, logLikelihood: -30656.108428
[00:04:51] [worker #6] Bootstrap tree #47, logLikelihood: -31426.077778
[00:05:18] [worker #1] Bootstrap tree #62, logLikelihood: -30583.633239
[00:05:19] [worker #12] Bootstrap tree #53, logLikelihood: -30514.498280
[00:05:20] [worker #2] Bootstrap tree #63, logLikelihood: -30336.764833
[00:05:21] [worker #8] Bootstrap tree #69, logLikelihood: -30712.591569
[00:05:21] [worker #9] Bootstrap tree #70, logLikelihood: -31224.562731
[00:05:22] [worker #10] Bootstrap tree #51, logLikelihood: -31390.682357
[00:05:22] [worker #4] Bootstrap tree #65, logLikelihood: -31315.447105
[00:05:25] [worker #17] Bootstrap tree #58, logLikelihood: -29829.929818
[00:05:26] [worker #14] Bootstrap tree #55, logLikelihood: -29814.169765
[00:05:27] [worker #6] Bootstrap tree #67, logLikelihood: -30170.528017
[00:05:30] [worker #15] Bootstrap tree #56, logLikelihood: -30704.699784
[00:05:31] [worker #3] Bootstrap tree #64, logLikelihood: -30917.903613
[00:05:39] [worker #11] Bootstrap tree #52, logLikelihood: -30110.251210
[00:05:42] [worker #13] Bootstrap tree #54, logLikelihood: -30713.406804
[00:05:43] [worker #5] Bootstrap tree #66, logLikelihood: -29813.131140
[00:05:47] [worker #2] Bootstrap tree #83, logLikelihood: -29966.574862
[00:05:48] [worker #9] Bootstrap tree #90, logLikelihood: -30497.661116
[00:05:50] [worker #4] Bootstrap tree #85, logLikelihood: -30967.576785
[00:05:52] [worker #12] Bootstrap tree #73, logLikelihood: -30906.777384
[00:05:53] [worker #1] Bootstrap tree #82, logLikelihood: -30966.793868
[00:05:54] [worker #7] Bootstrap tree #68, logLikelihood: -30570.546581
[00:05:55] [worker #8] Bootstrap tree #89, logLikelihood: -30733.750089
[00:05:56] [worker #0] Bootstrap tree #61, logLikelihood: -30123.119542
[00:05:57] [worker #16] Bootstrap tree #57, logLikelihood: -30462.554397
[00:05:57] [worker #18] Bootstrap tree #59, logLikelihood: -31933.355367
[00:05:58] [worker #10] Bootstrap tree #71, logLikelihood: -30119.097258
[00:05:58] [worker #6] Bootstrap tree #87, logLikelihood: -30131.793293
[00:06:02] [worker #15] Bootstrap tree #76, logLikelihood: -29707.499123
[00:06:03] [worker #19] Bootstrap tree #60, logLikelihood: -30551.021189
[00:06:04] [worker #17] Bootstrap tree #78, logLikelihood: -30615.000514
[00:06:05] [worker #14] Bootstrap tree #75, logLikelihood: -30015.518900
[00:06:11] [worker #3] Bootstrap tree #84, logLikelihood: -30815.270978
[00:06:24] [worker #11] Bootstrap tree #72, logLikelihood: -31072.893054
[00:06:25] [worker #13] Bootstrap tree #74, logLikelihood: -30089.433019
[00:06:28] [worker #12] Bootstrap tree #93, logLikelihood: -31109.917170
[00:06:29] [worker #5] Bootstrap tree #86, logLikelihood: -30477.663880
[00:06:31] [worker #7] Bootstrap tree #88, logLikelihood: -30949.016475
[00:06:37] [worker #15] Bootstrap tree #96, logLikelihood: -30608.911692
[00:06:42] [worker #16] Bootstrap tree #77, logLikelihood: -30420.090180
[00:06:43] [worker #19] Bootstrap tree #80, logLikelihood: -29685.870705
[00:06:46] [worker #17] Bootstrap tree #98, logLikelihood: -30622.234778
[00:06:47] [worker #0] Bootstrap tree #81, logLikelihood: -31700.743749
[00:06:49] [worker #13] Bootstrap tree #94, logLikelihood: -30450.861642
[00:06:53] [worker #14] Bootstrap tree #95, logLikelihood: -30283.179186
[00:06:53] [worker #11] Bootstrap tree #92, logLikelihood: -30038.153172
[00:07:03] [worker #18] Bootstrap tree #79, logLikelihood: -30036.202217
[00:07:03] [worker #10] Bootstrap tree #91, logLikelihood: -30695.772203
[00:07:10] [worker #19] Bootstrap tree #100, logLikelihood: -29922.122741
[00:07:13] [worker #16] Bootstrap tree #97, logLikelihood: -31205.467119
[00:07:35] [worker #18] Bootstrap tree #99, logLikelihood: -30239.411627
[00:08:02] [worker #12] Bootstrap tree #113, logLikelihood: -29786.414350
[00:08:03] [worker #13] Bootstrap tree #114, logLikelihood: -31165.120039
[00:08:05] [worker #18] Bootstrap tree #119, logLikelihood: -30402.208628
[00:08:05] [worker #17] Bootstrap tree #118, logLikelihood: -31225.042649
[00:08:05] [worker #14] Bootstrap tree #115, logLikelihood: -30120.631804
[00:08:06] [worker #19] Bootstrap tree #120, logLikelihood: -30490.959309
[00:08:06] [worker #10] Bootstrap tree #111, logLikelihood: -30447.366833
[00:08:14] [worker #15] Bootstrap tree #116, logLikelihood: -31020.028071
[00:08:15] [worker #2] Bootstrap tree #103, logLikelihood: -29934.654618
[00:08:20] [worker #8] Bootstrap tree #109, logLikelihood: -30134.295522
[00:08:23] [worker #7] Bootstrap tree #108, logLikelihood: -30334.592804
[00:08:24] [worker #4] Bootstrap tree #105, logLikelihood: -30657.662167
[00:08:25] [worker #1] Bootstrap tree #102, logLikelihood: -30137.204300
[00:08:26] [worker #16] Bootstrap tree #117, logLikelihood: -30181.020156
[00:08:26] [worker #6] Bootstrap tree #107, logLikelihood: -30399.656480
[00:08:30] [worker #11] Bootstrap tree #112, logLikelihood: -30829.038156
[00:08:32] [worker #9] Bootstrap tree #110, logLikelihood: -29112.792476
[00:08:32] [worker #5] Bootstrap tree #106, logLikelihood: -30601.059646
[00:08:32] [worker #13] Bootstrap tree #134, logLikelihood: -31158.871662
[00:08:34] [worker #14] Bootstrap tree #135, logLikelihood: -30519.335990
[00:08:37] [worker #12] Bootstrap tree #133, logLikelihood: -29942.921658
[00:08:41] [worker #2] Bootstrap tree #123, logLikelihood: -30581.960997
[00:08:41] [worker #15] Bootstrap tree #136, logLikelihood: -30967.749539
[00:08:46] [worker #17] Bootstrap tree #138, logLikelihood: -30440.795200
[00:08:48] [worker #18] Bootstrap tree #139, logLikelihood: -30927.006773
[00:08:51] [worker #7] Bootstrap tree #128, logLikelihood: -30729.211410
[00:08:53] [worker #19] Bootstrap tree #140, logLikelihood: -31088.524426
[00:08:53] [worker #1] Bootstrap tree #122, logLikelihood: -31528.909220
[00:08:55] [worker #0] Bootstrap tree #101, logLikelihood: -31252.758533
[00:08:55] [worker #3] Bootstrap tree #104, logLikelihood: -31309.978229
[00:08:56] [worker #8] Bootstrap tree #129, logLikelihood: -30835.164091
[00:08:59] [worker #5] Bootstrap tree #126, logLikelihood: -29544.944367
[00:09:00] [worker #4] Bootstrap tree #125, logLikelihood: -30467.576186
[00:09:03] [worker #6] Bootstrap tree #127, logLikelihood: -30548.470586
[00:09:08] [worker #16] Bootstrap tree #137, logLikelihood: -31009.483063
[00:09:09] [worker #10] Bootstrap tree #131, logLikelihood: -30261.656883
[00:09:12] [worker #11] Bootstrap tree #132, logLikelihood: -30060.648553
[00:09:16] [worker #9] Bootstrap tree #130, logLikelihood: -30668.426852
[00:09:18] [worker #1] Bootstrap tree #142, logLikelihood: -30972.176229
[00:09:30] [worker #7] Bootstrap tree #148, logLikelihood: -31391.345542
[00:09:32] [worker #8] Bootstrap tree #149, logLikelihood: -30617.364309
[00:09:35] [worker #0] Bootstrap tree #121, logLikelihood: -30923.364078
[00:09:43] [worker #9] Bootstrap tree #150, logLikelihood: -31156.217236
[00:09:43] [worker #3] Bootstrap tree #124, logLikelihood: -31037.793514
[00:09:51] [worker #5] Bootstrap tree #146, logLikelihood: -30388.920057
[00:09:52] [worker #4] Bootstrap tree #145, logLikelihood: -30493.996313
[00:09:57] [worker #6] Bootstrap tree #147, logLikelihood: -31714.864806
[00:10:10] [worker #3] Bootstrap tree #144, logLikelihood: -29299.136163
[00:10:16] [worker #2] Bootstrap tree #143, logLikelihood: -30312.444203
[00:10:42] [worker #0] Bootstrap tree #141, logLikelihood: -31167.201163
[00:11:07] [worker #4] Bootstrap tree #165, logLikelihood: -30811.052082
[00:11:07] [worker #15] Bootstrap tree #156, logLikelihood: -30123.970464
[00:11:11] [worker #16] Bootstrap tree #157, logLikelihood: -30535.523071
[00:11:11] [worker #1] Bootstrap tree #162, logLikelihood: -30623.529057
[00:11:12] [worker #11] Bootstrap tree #152, logLikelihood: -30561.026945
[00:11:13] [worker #17] Bootstrap tree #158, logLikelihood: -31348.015001
[00:11:16] [worker #3] Bootstrap tree #164, logLikelihood: -30247.548463
[00:11:17] [worker #10] Bootstrap tree #151, logLikelihood: -30207.172123
[00:11:20] [worker #14] Bootstrap tree #155, logLikelihood: -30313.655094
[00:11:20] [worker #9] Bootstrap tree #170, logLikelihood: -29713.313399
[00:11:25] [worker #2] Bootstrap tree #163, logLikelihood: -30524.791960
[00:11:27] [worker #19] Bootstrap tree #160, logLikelihood: -30386.833043
[00:11:29] [worker #8] Bootstrap tree #169, logLikelihood: -30001.238121
[00:11:29] [worker #13] Bootstrap tree #154, logLikelihood: -30521.424791
[00:11:33] [worker #4] Bootstrap tree #185, logLikelihood: -30371.685924
[00:11:34] [worker #12] Bootstrap tree #153, logLikelihood: -31250.313305
[00:11:36] [worker #18] Bootstrap tree #159, logLikelihood: -30643.530662
[00:11:38] [worker #17] Bootstrap tree #178, logLikelihood: -30540.618335
[00:11:38] [worker #0] Bootstrap tree #161, logLikelihood: -30128.785336
[00:11:40] [worker #16] Bootstrap tree #177, logLikelihood: -30611.958817
[00:11:41] [worker #15] Bootstrap tree #176, logLikelihood: -30869.876299
[00:11:41] [worker #1] Bootstrap tree #182, logLikelihood: -30600.218793
[00:11:41] [worker #6] Bootstrap tree #167, logLikelihood: -30481.253908
[00:11:42] [worker #7] Bootstrap tree #168, logLikelihood: -31309.350882
[00:11:43] [worker #3] Bootstrap tree #184, logLikelihood: -30719.298059
[00:11:45] [worker #14] Bootstrap tree #175, logLikelihood: -30759.857703
[00:11:56] [worker #13] Bootstrap tree #174, logLikelihood: -31273.762404
[00:11:56] [worker #5] Bootstrap tree #166, logLikelihood: -29698.880499
[00:11:58] [worker #12] Bootstrap tree #173, logLikelihood: -30945.681837
[00:11:58] [worker #9] Bootstrap tree #190, logLikelihood: -30159.625781
[00:12:03] [worker #17] Bootstrap tree #198, logLikelihood: -30360.701324
[00:12:06] [worker #18] Bootstrap tree #179, logLikelihood: -30751.230621
[00:12:09] [worker #8] Bootstrap tree #189, logLikelihood: -30521.201484
[00:12:14] [worker #15] Bootstrap tree #196, logLikelihood: -30680.190439
[00:12:19] [worker #0] Bootstrap tree #181, logLikelihood: -30748.302223
[00:12:21] [worker #19] Bootstrap tree #180, logLikelihood: -30662.079568
[00:12:25] [worker #13] Bootstrap tree #194, logLikelihood: -30397.217238
[00:12:26] [worker #14] Bootstrap tree #195, logLikelihood: -29719.541979
[00:12:27] [worker #7] Bootstrap tree #188, logLikelihood: -30426.293979
[00:12:29] [worker #5] Bootstrap tree #186, logLikelihood: -29906.246969
[00:12:33] [worker #6] Bootstrap tree #187, logLikelihood: -31255.154755
[00:12:35] [worker #18] Bootstrap tree #199, logLikelihood: -30497.921515
[00:12:37] [worker #2] Bootstrap tree #183, logLikelihood: -30337.400002
[00:12:39] [worker #12] Bootstrap tree #193, logLikelihood: -30035.352159
[00:12:40] [worker #10] Bootstrap tree #171, logLikelihood: -31378.372337
[00:12:41] [worker #16] Bootstrap tree #197, logLikelihood: -31489.140153
[00:12:45] [worker #11] Bootstrap tree #172, logLikelihood: -30272.545828
[00:13:07] [worker #19] Bootstrap tree #200, logLikelihood: -30696.196353
[00:13:17] [worker #10] Bootstrap tree #191, logLikelihood: -30670.917128
[00:13:52] [worker #11] Bootstrap tree #192, logLikelihood: -30101.077595
[00:14:21] [worker #7] Bootstrap tree #208, logLikelihood: -31143.797459
[00:14:22] [worker #17] Bootstrap tree #218, logLikelihood: -31072.211963
[00:14:23] [worker #5] Bootstrap tree #206, logLikelihood: -31265.367702
[00:14:24] [worker #1] Bootstrap tree #202, logLikelihood: -30818.606381
[00:14:30] [worker #11] Bootstrap tree #212, logLikelihood: -30524.784466
[00:14:31] [worker #3] Bootstrap tree #204, logLikelihood: -30821.960009
[00:14:31] [worker #13] Bootstrap tree #214, logLikelihood: -30650.349528
[00:14:31] [worker #4] Bootstrap tree #205, logLikelihood: -30891.943258
[00:14:35] [worker #9] Bootstrap tree #210, logLikelihood: -29719.398054
[00:14:36] [worker #14] Bootstrap tree #215, logLikelihood: -30651.382267
[00:14:37] [worker #0] Bootstrap tree #201, logLikelihood: -30098.942725
[00:14:42] [worker #12] Bootstrap tree #213, logLikelihood: -30257.584201
[00:14:43] [worker #15] Bootstrap tree #216, logLikelihood: -30139.870379
[00:14:43] [worker #8] Bootstrap tree #209, logLikelihood: -30816.257467
[00:14:44] [worker #6] Bootstrap tree #207, logLikelihood: -30825.601174
[00:14:44] [worker #16] Bootstrap tree #217, logLikelihood: -30789.423433
[00:14:45] [worker #10] Bootstrap tree #211, logLikelihood: -30660.849910
[00:14:46] [worker #19] Bootstrap tree #220, logLikelihood: -30377.905659
[00:14:54] [worker #5] Bootstrap tree #226, logLikelihood: -30671.972497
[00:14:54] [worker #7] Bootstrap tree #228, logLikelihood: -30707.655648
[00:14:58] [worker #13] Bootstrap tree #234, logLikelihood: -30299.728947
[00:14:59] [worker #18] Bootstrap tree #219, logLikelihood: -30903.812236
[00:15:00] [worker #3] Bootstrap tree #224, logLikelihood: -31069.907940
[00:15:01] [worker #14] Bootstrap tree #235, logLikelihood: -30778.283688
[00:15:02] [worker #1] Bootstrap tree #222, logLikelihood: -30607.863081
[00:15:03] [worker #2] Bootstrap tree #203, logLikelihood: -31773.030223
[00:15:04] [worker #4] Bootstrap tree #225, logLikelihood: -30461.264606
[00:15:05] [worker #0] Bootstrap tree #221, logLikelihood: -31091.012984
[00:15:06] [worker #15] Bootstrap tree #236, logLikelihood: -29980.767533
[00:15:18] [worker #8] Bootstrap tree #229, logLikelihood: -31264.862006
[00:15:20] [worker #12] Bootstrap tree #233, logLikelihood: -31353.506617
[00:15:20] [worker #7] Bootstrap tree #248, logLikelihood: -30178.834283
[00:15:25] [worker #6] Bootstrap tree #227, logLikelihood: -30175.504851
[00:15:25] [worker #17] Bootstrap tree #238, logLikelihood: -31299.743161
[00:15:28] [worker #19] Bootstrap tree #240, logLikelihood: -30771.704793
[00:15:28] [worker #5] Bootstrap tree #246, logLikelihood: -30830.019520
[00:15:28] [worker #1] Bootstrap tree #242, logLikelihood: -30300.374778
[00:15:29] [worker #18] Bootstrap tree #239, logLikelihood: -31040.096444
[00:15:29] [worker #10] Bootstrap tree #231, logLikelihood: -31055.481176
[00:15:35] [worker #16] Bootstrap tree #237, logLikelihood: -29793.241160
[00:15:39] [worker #2] Bootstrap tree #223, logLikelihood: -30352.930257
[00:15:44] [worker #3] Bootstrap tree #244, logLikelihood: -30766.583865
[00:15:45] [worker #8] Bootstrap tree #249, logLikelihood: -30591.630222
[00:15:45] [worker #0] Bootstrap tree #241, logLikelihood: -31280.402221
[00:15:51] [worker #9] Bootstrap tree #230, logLikelihood: -30979.396073
[00:15:51] [worker #6] Bootstrap tree #247, logLikelihood: -29995.097246
[00:15:52] [worker #11] Bootstrap tree #232, logLikelihood: -30207.416518
[00:15:53] [worker #4] Bootstrap tree #245, logLikelihood: -30063.363025
[00:16:09] [worker #2] Bootstrap tree #243, logLikelihood: -30228.664857
[00:16:15] [worker #9] Bootstrap tree #250, logLikelihood: -31083.176673
[00:16:54] [worker #6] Bootstrap tree #267, logLikelihood: -30412.990191
[00:16:55] [worker #15] Bootstrap tree #256, logLikelihood: -29502.419208
[00:16:56] [worker #1] Bootstrap tree #262, logLikelihood: -30816.592060
[00:16:56] [worker #17] Bootstrap tree #258, logLikelihood: -30075.253697
[00:16:56] [worker #16] Bootstrap tree #257, logLikelihood: -30209.447858
[00:16:57] [worker #19] Bootstrap tree #260, logLikelihood: -30659.837487
[00:16:57] [worker #5] Bootstrap tree #266, logLikelihood: -30374.705013
[00:16:59] [worker #2] Bootstrap tree #263, logLikelihood: -30476.365778
[00:17:02] [worker #7] Bootstrap tree #268, logLikelihood: -30747.620336
[00:17:06] [worker #10] Bootstrap tree #251, logLikelihood: -30765.192955
[00:17:06] [worker #18] Bootstrap tree #259, logLikelihood: -30380.609180
[00:17:09] [worker #13] Bootstrap tree #254, logLikelihood: -31143.175944
[00:17:09] [worker #9] Bootstrap tree #270, logLikelihood: -30698.022981
[00:17:10] [worker #14] Bootstrap tree #255, logLikelihood: -31380.135697
[00:17:12] [worker #0] Bootstrap tree #261, logLikelihood: -30583.119106
[00:17:17] [worker #3] Bootstrap tree #264, logLikelihood: -31076.538088
[00:17:18] [worker #11] Bootstrap tree #252, logLikelihood: -29862.973698
[00:17:24] [worker #12] Bootstrap tree #253, logLikelihood: -30888.393735
[00:17:26] [worker #4] Bootstrap tree #265, logLikelihood: -30685.027738
[00:17:36] [worker #8] Bootstrap tree #269, logLikelihood: -30832.512567
[00:17:41] [worker #19] Bootstrap tree #280, logLikelihood: -30502.381259
[00:17:47] [worker #10] Bootstrap tree #271, logLikelihood: -31024.947958
[00:17:47] [worker #5] Bootstrap tree #286, logLikelihood: -30554.524814
[00:17:48] [worker #15] Bootstrap tree #276, logLikelihood: -30291.867146
[00:17:51] [worker #0] Bootstrap tree #281, logLikelihood: -29985.453160
[00:17:55] [worker #9] Bootstrap tree #290, logLikelihood: -30236.029045
[00:17:58] [worker #6] Bootstrap tree #287, logLikelihood: -30602.253978
[00:18:00] [worker #1] Bootstrap tree #282, logLikelihood: -29989.231719
[00:18:02] [worker #13] Bootstrap tree #274, logLikelihood: -30399.314587
[00:18:03] [worker #17] Bootstrap tree #278, logLikelihood: -30259.584721
[00:18:04] [worker #2] Bootstrap tree #283, logLikelihood: -30111.317849
[00:18:11] [worker #18] Bootstrap tree #279, logLikelihood: -30553.743880
[00:18:14] [worker #3] Bootstrap tree #284, logLikelihood: -30146.711355
[00:18:19] [worker #16] Bootstrap tree #277, logLikelihood: -30309.551878
[00:18:21] [worker #14] Bootstrap tree #275, logLikelihood: -30949.071381
[00:18:27] [worker #11] Bootstrap tree #272, logLikelihood: -30643.621360
[00:18:29] [worker #4] Bootstrap tree #285, logLikelihood: -29867.485364
[00:18:30] [worker #7] Bootstrap tree #288, logLikelihood: -30723.381576
[00:18:50] [worker #12] Bootstrap tree #273, logLikelihood: -30574.799452
[00:18:55] [worker #18] Bootstrap tree #299, logLikelihood: -30286.362216
[00:18:56] [worker #19] Bootstrap tree #300, logLikelihood: -30503.077130
[00:18:57] [worker #15] Bootstrap tree #296, logLikelihood: -30649.659753
[00:18:58] [worker #10] Bootstrap tree #291, logLikelihood: -30396.688514
[00:19:05] [worker #8] Bootstrap tree #289, logLikelihood: -30799.655293
[00:19:10] [worker #14] Bootstrap tree #295, logLikelihood: -30466.065909
[00:19:12] [worker #16] Bootstrap tree #297, logLikelihood: -31307.920288
[00:19:16] [worker #11] Bootstrap tree #292, logLikelihood: -30851.223306
[00:19:18] [worker #13] Bootstrap tree #294, logLikelihood: -30523.698379
[00:19:28] [worker #17] Bootstrap tree #298, logLikelihood: -30581.670466
[00:19:50] [worker #12] Bootstrap tree #293, logLikelihood: -30390.061750
[00:20:40] [worker #11] Bootstrap tree #312, logLikelihood: -30182.330380
[00:20:47] [worker #0] Bootstrap tree #301, logLikelihood: -30202.941028
[00:20:49] [worker #6] Bootstrap tree #307, logLikelihood: -30311.280907
[00:20:50] [worker #16] Bootstrap tree #317, logLikelihood: -30527.173782
[00:20:53] [worker #19] Bootstrap tree #320, logLikelihood: -30493.946260
[00:20:55] [worker #8] Bootstrap tree #309, logLikelihood: -30067.468450
[00:21:01] [worker #1] Bootstrap tree #302, logLikelihood: -30017.183927
[00:21:02] [worker #14] Bootstrap tree #315, logLikelihood: -30124.563164
[00:21:04] [worker #18] Bootstrap tree #319, logLikelihood: -31549.965587
[00:21:05] [worker #4] Bootstrap tree #305, logLikelihood: -30548.782628
[00:21:05] [worker #12] Bootstrap tree #313, logLikelihood: -30643.955511
[00:21:12] [worker #15] Bootstrap tree #316, logLikelihood: -30712.581608
[00:21:18] [worker #13] Bootstrap tree #314, logLikelihood: -29558.528618
[00:21:18] [worker #10] Bootstrap tree #311, logLikelihood: -30811.216899
[00:21:18] [worker #9] Bootstrap tree #310, logLikelihood: -30976.696345
[00:21:25] [worker #2] Bootstrap tree #303, logLikelihood: -30387.830983
[00:21:27] [worker #17] Bootstrap tree #318, logLikelihood: -30823.675585
[00:21:32] [worker #3] Bootstrap tree #304, logLikelihood: -30547.802724
[00:21:43] [worker #6] Bootstrap tree #327, logLikelihood: -30605.859319
[00:21:45] [worker #7] Bootstrap tree #308, logLikelihood: -31619.982785
[00:21:48] [worker #19] Bootstrap tree #340, logLikelihood: -30797.794205
[00:21:50] [worker #8] Bootstrap tree #329, logLikelihood: -31006.898000
[00:21:53] [worker #1] Bootstrap tree #322, logLikelihood: -30123.352509
[00:21:54] [worker #5] Bootstrap tree #306, logLikelihood: -31519.972389
[00:21:56] [worker #18] Bootstrap tree #339, logLikelihood: -30962.975807
[00:22:06] [worker #0] Bootstrap tree #321, logLikelihood: -30221.245307
[00:22:10] [worker #11] Bootstrap tree #332, logLikelihood: -30577.230928
[00:22:10] [worker #15] Bootstrap tree #336, logLikelihood: -30949.120535
[00:22:13] [worker #13] Bootstrap tree #334, logLikelihood: -30121.377169
[00:22:18] [worker #4] Bootstrap tree #325, logLikelihood: -30111.867353
[00:22:22] [worker #14] Bootstrap tree #335, logLikelihood: -30095.695517
[00:22:29] [worker #16] Bootstrap tree #337, logLikelihood: -30612.601446
[00:22:32] [worker #2] Bootstrap tree #323, logLikelihood: -30595.409849
[00:22:32] [worker #10] Bootstrap tree #331, logLikelihood: -30970.800282
[00:22:39] [worker #9] Bootstrap tree #330, logLikelihood: -30851.995503
[00:22:44] [worker #5] Bootstrap tree #326, logLikelihood: -30775.888589
[00:22:47] [worker #12] Bootstrap tree #333, logLikelihood: -31465.185741
[00:22:48] [worker #1] Bootstrap tree #342, logLikelihood: -30415.180344
[00:22:51] [worker #17] Bootstrap tree #338, logLikelihood: -30449.976871
[00:22:59] [worker #6] Bootstrap tree #347, logLikelihood: -30392.573278
[00:23:00] [worker #3] Bootstrap tree #324, logLikelihood: -29715.290980
[00:23:06] [worker #7] Bootstrap tree #328, logLikelihood: -29735.958732
[00:23:09] [worker #0] Bootstrap tree #341, logLikelihood: -30053.460485
[00:23:13] [worker #4] Bootstrap tree #345, logLikelihood: -30291.617476
[00:23:27] [worker #2] Bootstrap tree #343, logLikelihood: -30349.092497
[00:23:28] [worker #9] Bootstrap tree #350, logLikelihood: -30659.642532
[00:23:33] [worker #8] Bootstrap tree #349, logLikelihood: -30955.268095
[00:23:49] [worker #3] Bootstrap tree #344, logLikelihood: -31749.128152
[00:24:07] [worker #7] Bootstrap tree #348, logLikelihood: -30462.901883
[00:24:20] [worker #5] Bootstrap tree #346, logLikelihood: -31212.097088
[00:25:10] [worker #4] Bootstrap tree #365, logLikelihood: -31310.321730
[00:25:10] [worker #14] Bootstrap tree #355, logLikelihood: -30211.389021
[00:25:14] [worker #2] Bootstrap tree #363, logLikelihood: -30525.757175
[00:25:15] [worker #17] Bootstrap tree #358, logLikelihood: -30683.085902
[00:25:17] [worker #3] Bootstrap tree #364, logLikelihood: -30968.368331
[00:25:19] [worker #16] Bootstrap tree #357, logLikelihood: -29382.832377
[00:25:21] [worker #11] Bootstrap tree #352, logLikelihood: -31039.289497
[00:25:21] [worker #19] Bootstrap tree #360, logLikelihood: -30330.930633
[00:25:23] [worker #0] Bootstrap tree #361, logLikelihood: -30816.832996
[00:25:25] [worker #8] Bootstrap tree #369, logLikelihood: -31172.156105
[00:25:30] [worker #10] Bootstrap tree #351, logLikelihood: -29859.085719
[00:25:31] [worker #12] Bootstrap tree #353, logLikelihood: -31238.795983
[00:25:31] [worker #18] Bootstrap tree #359, logLikelihood: -30889.155796
[00:25:32] [worker #15] Bootstrap tree #356, logLikelihood: -30984.979946
[00:25:33] [worker #13] Bootstrap tree #354, logLikelihood: -31052.324634
[00:25:43] [worker #1] Bootstrap tree #362, logLikelihood: -30501.739871
[00:25:50] [worker #4] Bootstrap tree #385, logLikelihood: -30758.594901
[00:25:53] [worker #6] Bootstrap tree #367, logLikelihood: -30765.833540
[00:25:57] [worker #7] Bootstrap tree #368, logLikelihood: -30895.368951
[00:26:00] [worker #17] Bootstrap tree #378, logLikelihood: -30525.827033
[00:26:11] [worker #19] Bootstrap tree #380, logLikelihood: -31045.395164
[00:26:15] [worker #13] Bootstrap tree #374, logLikelihood: -29196.472972
[00:26:15] [worker #2] Bootstrap tree #383, logLikelihood: -30931.433274
[00:26:30] [worker #0] Bootstrap tree #381, logLikelihood: -30422.144248
[00:26:31] [worker #8] Bootstrap tree #389, logLikelihood: -30058.409916
[00:26:32] [worker #3] Bootstrap tree #384, logLikelihood: -30954.371641
[00:26:33] [worker #5] Bootstrap tree #366, logLikelihood: -29817.595581
[00:26:34] [worker #15] Bootstrap tree #376, logLikelihood: -30336.054473
[00:26:43] [worker #9] Bootstrap tree #370, logLikelihood: -30607.982116
[00:26:48] [worker #12] Bootstrap tree #373, logLikelihood: -30392.992282
[00:26:48] [worker #7] Bootstrap tree #388, logLikelihood: -30176.701375
[00:26:53] [worker #14] Bootstrap tree #375, logLikelihood: -30762.319655
[00:26:53] [worker #10] Bootstrap tree #371, logLikelihood: -29676.671691
[00:26:55] [worker #1] Bootstrap tree #382, logLikelihood: -30242.174864
[00:26:57] [worker #17] Bootstrap tree #398, logLikelihood: -30635.892268
[00:26:57] [worker #6] Bootstrap tree #387, logLikelihood: -30567.540313
[00:27:02] [worker #11] Bootstrap tree #372, logLikelihood: -31589.320543
[00:27:04] [worker #16] Bootstrap tree #377, logLikelihood: -31343.527480
[00:27:10] [worker #13] Bootstrap tree #394, logLikelihood: -30052.288947
[00:27:34] [worker #19] Bootstrap tree #400, logLikelihood: -30139.674265
[00:27:36] [worker #18] Bootstrap tree #379, logLikelihood: -30686.679918
[00:27:37] [worker #9] Bootstrap tree #390, logLikelihood: -31353.932636
[00:27:39] [worker #15] Bootstrap tree #396, logLikelihood: -30463.784092
[00:27:47] [worker #10] Bootstrap tree #391, logLikelihood: -31627.381599
[00:27:53] [worker #16] Bootstrap tree #397, logLikelihood: -30398.087987
[00:27:55] [worker #11] Bootstrap tree #392, logLikelihood: -30563.048768
[00:28:03] [worker #14] Bootstrap tree #395, logLikelihood: -30161.431825
[00:28:04] [worker #5] Bootstrap tree #386, logLikelihood: -29687.741415
[00:28:07] [worker #12] Bootstrap tree #393, logLikelihood: -30925.907910
[00:29:01] [worker #18] Bootstrap tree #399, logLikelihood: -30807.549851
[00:29:57] [worker #17] Bootstrap tree #418, logLikelihood: -30286.242899
[00:29:58] [worker #2] Bootstrap tree #403, logLikelihood: -30559.358589
[00:30:00] [worker #12] Bootstrap tree #413, logLikelihood: -31157.432389
[00:30:02] [worker #3] Bootstrap tree #404, logLikelihood: -30323.155004
[00:30:02] [worker #10] Bootstrap tree #411, logLikelihood: -30201.094579
[00:30:03] [worker #9] Bootstrap tree #410, logLikelihood: -31471.133824
[00:30:03] [worker #11] Bootstrap tree #412, logLikelihood: -30398.356080
[00:30:04] [worker #7] Bootstrap tree #408, logLikelihood: -30118.892274
[00:30:05] [worker #1] Bootstrap tree #402, logLikelihood: -30133.798667
[00:30:05] [worker #8] Bootstrap tree #409, logLikelihood: -30912.215499
[00:30:06] [worker #19] Bootstrap tree #420, logLikelihood: -30164.698115
[00:30:10] [worker #0] Bootstrap tree #401, logLikelihood: -30061.740348
[00:30:13] [worker #16] Bootstrap tree #417, logLikelihood: -29951.038578
[00:30:15] [worker #14] Bootstrap tree #415, logLikelihood: -30217.987498
[00:30:26] [worker #13] Bootstrap tree #414, logLikelihood: -31203.402759
[00:30:33] [worker #18] Bootstrap tree #419, logLikelihood: -29976.277733
[00:30:34] [worker #4] Bootstrap tree #405, logLikelihood: -31004.991942
[00:30:35] [worker #15] Bootstrap tree #416, logLikelihood: -31267.496462
[00:30:36] [worker #6] Bootstrap tree #407, logLikelihood: -30781.970121
[00:30:46] [worker #17] Bootstrap tree #438, logLikelihood: -31089.307339
[00:30:58] [worker #11] Bootstrap tree #432, logLikelihood: -29543.819360
[00:31:01] [worker #2] Bootstrap tree #423, logLikelihood: -29859.211465
[00:31:03] [worker #14] Bootstrap tree #435, logLikelihood: -29874.382406
[00:31:09] [worker #1] Bootstrap tree #422, logLikelihood: -30553.570638
[00:31:10] [worker #12] Bootstrap tree #433, logLikelihood: -30153.663579
[00:31:13] [worker #9] Bootstrap tree #430, logLikelihood: -31275.846415
[00:31:14] [worker #5] Bootstrap tree #406, logLikelihood: -30307.084655
[00:31:18] [worker #16] Bootstrap tree #437, logLikelihood: -30557.737725
[00:31:19] [worker #3] Bootstrap tree #424, logLikelihood: -30580.966259
[00:31:19] [worker #13] Bootstrap tree #434, logLikelihood: -30617.134458
[00:31:25] [worker #15] Bootstrap tree #436, logLikelihood: -31480.241557
[00:31:29] [worker #19] Bootstrap tree #440, logLikelihood: -30402.696794
[00:31:29] [worker #10] Bootstrap tree #431, logLikelihood: -31471.929415
[00:31:29] [worker #8] Bootstrap tree #429, logLikelihood: -30493.744837
[00:31:31] [worker #7] Bootstrap tree #428, logLikelihood: -29670.687868
[00:31:38] [worker #18] Bootstrap tree #439, logLikelihood: -30519.656900
[00:31:43] [worker #6] Bootstrap tree #427, logLikelihood: -30197.293704
[00:31:51] [worker #0] Bootstrap tree #421, logLikelihood: -29993.320242
[00:31:54] [worker #1] Bootstrap tree #442, logLikelihood: -30754.166011
[00:31:57] [worker #2] Bootstrap tree #443, logLikelihood: -29805.096686
[00:32:01] [worker #9] Bootstrap tree #450, logLikelihood: -31133.057124
[00:32:12] [worker #4] Bootstrap tree #425, logLikelihood: -30109.639070
[00:32:25] [worker #7] Bootstrap tree #448, logLikelihood: -29843.590271
[00:32:36] [worker #3] Bootstrap tree #444, logLikelihood: -30382.565174
[00:32:55] [worker #6] Bootstrap tree #447, logLikelihood: -29904.016050
[00:33:05] [worker #5] Bootstrap tree #426, logLikelihood: -30076.259231
[00:33:26] [worker #8] Bootstrap tree #449, logLikelihood: -30672.380096
[00:33:27] [worker #4] Bootstrap tree #445, logLikelihood: -30464.448971
[00:33:31] [worker #0] Bootstrap tree #441, logLikelihood: -30111.047910
[00:34:49] [worker #5] Bootstrap tree #446, logLikelihood: -31162.380738
[00:35:42] [worker #9] Bootstrap tree #470, logLikelihood: -30688.078840
[00:35:45] [worker #16] Bootstrap tree #457, logLikelihood: -31003.328399
[00:35:45] [worker #7] Bootstrap tree #468, logLikelihood: -30425.238300
[00:35:46] [worker #4] Bootstrap tree #465, logLikelihood: -30742.992021
[00:35:47] [worker #0] Bootstrap tree #461, logLikelihood: -31095.805893
[00:35:48] [worker #12] Bootstrap tree #453, logLikelihood: -30311.616290
[00:35:48] [worker #18] Bootstrap tree #459, logLikelihood: -30621.360143
[00:35:48] [worker #1] Bootstrap tree #462, logLikelihood: -29994.849660
[00:35:51] [worker #3] Bootstrap tree #464, logLikelihood: -31197.202955
[00:36:02] [worker #2] Bootstrap tree #463, logLikelihood: -31636.777697
[00:36:03] [worker #10] Bootstrap tree #451, logLikelihood: -30670.042762
[00:36:06] [worker #5] Bootstrap tree #466, logLikelihood: -30707.678637
[00:36:13] [worker #6] Bootstrap tree #467, logLikelihood: -30219.854775
[00:36:22] [worker #8] Bootstrap tree #469, logLikelihood: -30873.021557
[00:36:22] [worker #14] Bootstrap tree #455, logLikelihood: -30903.884238
[00:36:25] [worker #17] Bootstrap tree #458, logLikelihood: -30073.668161
[00:36:26] [worker #19] Bootstrap tree #460, logLikelihood: -30194.907130
[00:36:30] [worker #7] Bootstrap tree #488, logLikelihood: -30110.328781
[00:36:34] [worker #15] Bootstrap tree #456, logLikelihood: -30816.873066
[00:36:39] [worker #13] Bootstrap tree #454, logLikelihood: -31118.163295
[00:36:42] [worker #12] Bootstrap tree #473, logLikelihood: -29725.742023
[00:36:45] [worker #9] Bootstrap tree #490, logLikelihood: -30032.236744
[00:36:47] [worker #1] Bootstrap tree #482, logLikelihood: -31619.470582
[00:36:48] [worker #11] Bootstrap tree #452, logLikelihood: -30429.298675
[00:36:49] [worker #3] Bootstrap tree #484, logLikelihood: -29089.002690
[00:37:00] [worker #2] Bootstrap tree #483, logLikelihood: -30310.160056
[00:37:08] [worker #5] Bootstrap tree #486, logLikelihood: -30634.722731
[00:37:18] [worker #16] Bootstrap tree #477, logLikelihood: -30204.939528
[00:37:24] [worker #6] Bootstrap tree #487, logLikelihood: -30466.139359
[00:37:24] [worker #10] Bootstrap tree #471, logLikelihood: -29562.762947
[00:37:25] [worker #0] Bootstrap tree #481, logLikelihood: -31431.657094
[00:37:26] [worker #19] Bootstrap tree #480, logLikelihood: -30106.019545
[00:37:27] [worker #8] Bootstrap tree #489, logLikelihood: -29855.287967
[00:37:28] [worker #17] Bootstrap tree #478, logLikelihood: -30095.297467
[00:37:28] [worker #4] Bootstrap tree #485, logLikelihood: -29756.330062
[00:37:30] [worker #18] Bootstrap tree #479, logLikelihood: -31227.160883
[00:37:36] [worker #13] Bootstrap tree #474, logLikelihood: -30564.675655
[00:37:43] [worker #14] Bootstrap tree #475, logLikelihood: -30547.710914
[00:37:47] [worker #12] Bootstrap tree #493, logLikelihood: -31157.195924
[00:37:49] [worker #15] Bootstrap tree #476, logLikelihood: -29804.387200
[00:37:49] [worker #11] Bootstrap tree #472, logLikelihood: -31217.594803
[00:38:14] [worker #16] Bootstrap tree #497, logLikelihood: -30814.575566
[00:38:17] [worker #10] Bootstrap tree #491, logLikelihood: -30106.132283
[00:38:30] [worker #13] Bootstrap tree #494, logLikelihood: -30956.519848
[00:38:40] [worker #14] Bootstrap tree #495, logLikelihood: -30932.069700
[00:38:47] [worker #17] Bootstrap tree #498, logLikelihood: -31063.324965
[00:38:48] [worker #18] Bootstrap tree #499, logLikelihood: -31200.699187
[00:38:49] [worker #19] Bootstrap tree #500, logLikelihood: -30047.433976
[00:38:53] [worker #15] Bootstrap tree #496, logLikelihood: -29858.268708
[00:38:53] [worker #11] Bootstrap tree #492, logLikelihood: -30987.472787
[00:39:50] [worker #18] Bootstrap tree #519, logLikelihood: -29722.289283
[00:39:50] [worker #12] Bootstrap tree #513, logLikelihood: -30330.191176
[00:39:53] [worker #16] Bootstrap tree #517, logLikelihood: -30465.225561
[00:39:56] [worker #17] Bootstrap tree #518, logLikelihood: -29528.947064
[00:39:56] [worker #11] Bootstrap tree #512, logLikelihood: -29940.690097
[00:39:57] [worker #8] Bootstrap tree #509, logLikelihood: -30821.160786
[00:40:01] [worker #14] Bootstrap tree #515, logLikelihood: -31177.284889
[00:40:02] [worker #6] Bootstrap tree #507, logLikelihood: -31208.566678
[00:40:04] [worker #4] Bootstrap tree #505, logLikelihood: -30282.329453
[00:40:04] [worker #2] Bootstrap tree #503, logLikelihood: -30797.161005
[00:40:05] [worker #0] Bootstrap tree #501, logLikelihood: -30798.064073
[00:40:07] [worker #3] Bootstrap tree #504, logLikelihood: -30516.353427
[00:40:09] [worker #1] Bootstrap tree #502, logLikelihood: -30432.291055
[00:40:09] [worker #9] Bootstrap tree #510, logLikelihood: -31089.614078
[00:40:15] [worker #10] Bootstrap tree #511, logLikelihood: -30537.399291
[00:40:18] [worker #13] Bootstrap tree #514, logLikelihood: -31407.434758
[00:40:28] [worker #5] Bootstrap tree #506, logLikelihood: -30802.728333
[00:40:32] [worker #7] Bootstrap tree #508, logLikelihood: -30712.543377
[00:40:37] [worker #18] Bootstrap tree #539, logLikelihood: -30559.030985
[00:40:44] [worker #12] Bootstrap tree #533, logLikelihood: -30666.261569
[00:40:45] [worker #19] Bootstrap tree #520, logLikelihood: -30183.062326
[00:40:47] [worker #11] Bootstrap tree #532, logLikelihood: -30343.771322
[00:40:47] [worker #6] Bootstrap tree #527, logLikelihood: -31055.681461
[00:40:51] [worker #8] Bootstrap tree #529, logLikelihood: -30744.664317
[00:40:52] [worker #17] Bootstrap tree #538, logLikelihood: -30845.528206
[00:40:59] [worker #4] Bootstrap tree #525, logLikelihood: -31177.115764
[00:41:03] [worker #0] Bootstrap tree #521, logLikelihood: -30687.865658
[00:41:04] [worker #3] Bootstrap tree #524, logLikelihood: -31397.147425
[00:41:07] [worker #1] Bootstrap tree #522, logLikelihood: -30725.567154
[00:41:10] [worker #15] Bootstrap tree #516, logLikelihood: -30554.064298
[00:41:10] [worker #2] Bootstrap tree #523, logLikelihood: -30021.833910
[00:41:11] [worker #9] Bootstrap tree #530, logLikelihood: -30635.139353
[00:41:21] [worker #5] Bootstrap tree #526, logLikelihood: -30796.884820
[00:41:29] [worker #14] Bootstrap tree #535, logLikelihood: -30861.588134
[00:41:38] [worker #19] Bootstrap tree #540, logLikelihood: -30021.815419
[00:41:40] [worker #13] Bootstrap tree #534, logLikelihood: -30598.208418
[00:41:52] [worker #15] Bootstrap tree #536, logLikelihood: -30741.051448
[00:41:53] [worker #16] Bootstrap tree #537, logLikelihood: -29621.311317
[00:41:54] [worker #9] Bootstrap tree #550, logLikelihood: -30794.555425
[00:41:55] [worker #4] Bootstrap tree #545, logLikelihood: -30795.768145
[00:42:06] [worker #6] Bootstrap tree #547, logLikelihood: -29956.425254
[00:42:08] [worker #7] Bootstrap tree #528, logLikelihood: -30362.786741
[00:42:08] [worker #8] Bootstrap tree #549, logLikelihood: -30095.452359
[00:42:10] [worker #1] Bootstrap tree #542, logLikelihood: -30561.639980
[00:42:11] [worker #3] Bootstrap tree #544, logLikelihood: -29944.947053
[00:42:23] [worker #0] Bootstrap tree #541, logLikelihood: -29470.854526
[00:42:25] [worker #10] Bootstrap tree #531, logLikelihood: -30411.149772
[00:42:33] [worker #2] Bootstrap tree #543, logLikelihood: -30025.808131
[00:42:39] [worker #5] Bootstrap tree #546, logLikelihood: -30492.247820
[00:42:55] [worker #7] Bootstrap tree #548, logLikelihood: -30930.724111
[00:43:45] [worker #12] Bootstrap tree #553, logLikelihood: -30109.117633
[00:43:46] [worker #1] Bootstrap tree #562, logLikelihood: -30270.298574
[00:43:51] [worker #3] Bootstrap tree #564, logLikelihood: -30809.588910
[00:43:54] [worker #11] Bootstrap tree #552, logLikelihood: -30161.676799
[00:43:59] [worker #0] Bootstrap tree #561, logLikelihood: -30328.682796
[00:44:04] [worker #9] Bootstrap tree #570, logLikelihood: -30601.375743
[00:44:07] [worker #8] Bootstrap tree #569, logLikelihood: -30868.501059
[00:44:12] [worker #4] Bootstrap tree #565, logLikelihood: -29975.742063
[00:44:16] [worker #5] Bootstrap tree #566, logLikelihood: -30889.419761
[00:44:16] [worker #16] Bootstrap tree #557, logLikelihood: -31134.752425
[00:44:18] [worker #10] Bootstrap tree #551, logLikelihood: -30095.027705
[00:44:20] [worker #7] Bootstrap tree #568, logLikelihood: -30564.098198
[00:44:21] [worker #6] Bootstrap tree #567, logLikelihood: -30613.050315
[00:44:27] [worker #14] Bootstrap tree #555, logLikelihood: -30869.260198
[00:44:28] [worker #19] Bootstrap tree #560, logLikelihood: -30595.998061
[00:44:30] [worker #18] Bootstrap tree #559, logLikelihood: -31463.168483
[00:44:33] [worker #12] Bootstrap tree #573, logLikelihood: -30825.436492
[00:44:34] [worker #13] Bootstrap tree #554, logLikelihood: -30651.627180
[00:44:35] [worker #15] Bootstrap tree #556, logLikelihood: -29948.758019
[00:44:40] [worker #1] Bootstrap tree #582, logLikelihood: -31291.097699
[00:44:40] [worker #17] Bootstrap tree #558, logLikelihood: -31892.108130
[00:44:52] [worker #8] Bootstrap tree #589, logLikelihood: -30158.966371
[00:44:52] [worker #3] Bootstrap tree #584, logLikelihood: -30702.719512
[00:44:53] [worker #2] Bootstrap tree #563, logLikelihood: -30683.382364
[00:44:53] [worker #9] Bootstrap tree #590, logLikelihood: -30724.304015
[00:44:56] [worker #0] Bootstrap tree #581, logLikelihood: -29845.290888
[00:45:08] [worker #11] Bootstrap tree #572, logLikelihood: -30870.352068
[00:45:13] [worker #7] Bootstrap tree #588, logLikelihood: -30389.444285
[00:45:13] [worker #14] Bootstrap tree #575, logLikelihood: -31640.542555
[00:45:14] [worker #5] Bootstrap tree #586, logLikelihood: -29900.172004
[00:45:15] [worker #18] Bootstrap tree #579, logLikelihood: -29657.292796
[00:45:15] [worker #19] Bootstrap tree #580, logLikelihood: -30484.738301
[00:45:24] [worker #15] Bootstrap tree #576, logLikelihood: -30466.155102
[00:45:24] [worker #13] Bootstrap tree #574, logLikelihood: -30433.487054
[00:45:25] [worker #12] Bootstrap tree #593, logLikelihood: -30495.373887
[00:45:31] [worker #16] Bootstrap tree #577, logLikelihood: -30028.167746
[00:45:33] [worker #6] Bootstrap tree #587, logLikelihood: -30939.857368
[00:45:33] [worker #4] Bootstrap tree #585, logLikelihood: -31245.756247
[00:45:43] [worker #17] Bootstrap tree #578, logLikelihood: -29782.617444
[00:45:51] [worker #10] Bootstrap tree #571, logLikelihood: -29834.914424
[00:45:56] [worker #18] Bootstrap tree #599, logLikelihood: -30375.352478
[00:46:07] [worker #2] Bootstrap tree #583, logLikelihood: -30804.513650
[00:46:21] [worker #13] Bootstrap tree #594, logLikelihood: -30294.432812
[00:46:22] [worker #11] Bootstrap tree #592, logLikelihood: -30587.068806
[00:46:25] [worker #19] Bootstrap tree #600, logLikelihood: -30252.946172
[00:46:36] [worker #14] Bootstrap tree #595, logLikelihood: -30688.079593
[00:46:41] [worker #10] Bootstrap tree #591, logLikelihood: -29939.634338
[00:46:55] [worker #17] Bootstrap tree #598, logLikelihood: -31087.006766
[00:47:00] [worker #16] Bootstrap tree #597, logLikelihood: -30498.577356
[00:47:33] [worker #15] Bootstrap tree #596, logLikelihood: -30745.654774
[00:48:27] [worker #13] Bootstrap tree #614, logLikelihood: -31089.325890
[00:48:28] [worker #2] Bootstrap tree #603, logLikelihood: -31189.711099
[00:48:29] [worker #11] Bootstrap tree #612, logLikelihood: -30726.015496
[00:48:30] [worker #16] Bootstrap tree #617, logLikelihood: -31352.241961
[00:48:32] [worker #8] Bootstrap tree #609, logLikelihood: -30050.828090
[00:48:33] [worker #10] Bootstrap tree #611, logLikelihood: -30743.621973
[00:48:34] [worker #14] Bootstrap tree #615, logLikelihood: -29377.654343
[00:48:35] [worker #7] Bootstrap tree #608, logLikelihood: -30997.292240
[00:48:36] [worker #18] Bootstrap tree #619, logLikelihood: -29780.681697
[00:48:44] [worker #9] Bootstrap tree #610, logLikelihood: -30659.309796
[00:48:46] [worker #6] Bootstrap tree #607, logLikelihood: -30163.135153
[00:48:48] [worker #19] Bootstrap tree #620, logLikelihood: -30495.530602
[00:48:54] [worker #1] Bootstrap tree #602, logLikelihood: -30158.617686
[00:49:00] [worker #15] Bootstrap tree #616, logLikelihood: -30824.046875
[00:49:01] [worker #12] Bootstrap tree #613, logLikelihood: -30419.618537
[00:49:03] [worker #0] Bootstrap tree #601, logLikelihood: -31540.734123
[00:49:04] [worker #3] Bootstrap tree #604, logLikelihood: -30125.956367
[00:49:08] [worker #4] Bootstrap tree #605, logLikelihood: -30070.596829
[00:49:13] [worker #5] Bootstrap tree #606, logLikelihood: -30945.500066
[00:49:23] [worker #8] Bootstrap tree #629, logLikelihood: -29879.519967
[00:49:25] [worker #7] Bootstrap tree #628, logLikelihood: -30550.016318
[00:49:27] [worker #14] Bootstrap tree #635, logLikelihood: -30502.531122
[00:49:29] [worker #11] Bootstrap tree #632, logLikelihood: -30783.721574
[00:49:29] [worker #10] Bootstrap tree #631, logLikelihood: -30007.277204
[00:49:34] [worker #13] Bootstrap tree #634, logLikelihood: -30898.820644
[00:49:35] [worker #17] Bootstrap tree #618, logLikelihood: -30199.000105
[00:49:36] [worker #9] Bootstrap tree #630, logLikelihood: -30363.768655
[00:49:37] [worker #16] Bootstrap tree #637, logLikelihood: -31162.678602
[00:49:41] [worker #1] Bootstrap tree #622, logLikelihood: -30956.867808
[00:49:43] [worker #18] Bootstrap tree #639, logLikelihood: -30330.017745
[00:49:45] [worker #19] Bootstrap tree #640, logLikelihood: -30757.467584
[00:49:47] [worker #6] Bootstrap tree #627, logLikelihood: -30260.559140
[00:49:47] [worker #2] Bootstrap tree #623, logLikelihood: -30701.414566
[00:49:52] [worker #15] Bootstrap tree #636, logLikelihood: -30165.336322
[00:49:59] [worker #3] Bootstrap tree #624, logLikelihood: -30751.987150
[00:50:04] [worker #5] Bootstrap tree #626, logLikelihood: -30596.976247
[00:50:07] [worker #12] Bootstrap tree #633, logLikelihood: -29937.312306
[00:50:11] [worker #4] Bootstrap tree #625, logLikelihood: -30033.010308
[00:50:27] [worker #0] Bootstrap tree #621, logLikelihood: -30464.201503
[00:50:28] [worker #8] Bootstrap tree #649, logLikelihood: -30226.545505
[00:50:34] [worker #2] Bootstrap tree #643, logLikelihood: -30670.972303
[00:50:39] [worker #9] Bootstrap tree #650, logLikelihood: -30652.268122
[00:50:40] [worker #7] Bootstrap tree #648, logLikelihood: -30678.046229
[00:50:42] [worker #5] Bootstrap tree #646, logLikelihood: -30111.732869
[00:50:42] [worker #6] Bootstrap tree #647, logLikelihood: -30933.564337
[00:50:46] [worker #1] Bootstrap tree #642, logLikelihood: -30909.767009
[00:50:51] [worker #17] Bootstrap tree #638, logLikelihood: -31001.482007
[00:50:52] [worker #3] Bootstrap tree #644, logLikelihood: -31099.557191
[00:50:55] [worker #4] Bootstrap tree #645, logLikelihood: -30192.426749
[00:51:21] [worker #0] Bootstrap tree #641, logLikelihood: -30024.058919
[00:52:15] [worker #9] Bootstrap tree #670, logLikelihood: -30080.947144
[00:52:18] [worker #4] Bootstrap tree #665, logLikelihood: -30315.042326
[00:52:20] [worker #13] Bootstrap tree #654, logLikelihood: -30316.246520
[00:52:21] [worker #6] Bootstrap tree #667, logLikelihood: -30783.401781
[00:52:28] [worker #19] Bootstrap tree #660, logLikelihood: -30570.162621
[00:52:28] [worker #5] Bootstrap tree #666, logLikelihood: -31199.703726
[00:52:32] [worker #11] Bootstrap tree #652, logLikelihood: -30774.156553
[00:52:39] [worker #18] Bootstrap tree #659, logLikelihood: -30055.345898
[00:52:45] [worker #0] Bootstrap tree #661, logLikelihood: -30931.311404
[00:52:46] [worker #2] Bootstrap tree #663, logLikelihood: -30318.064580
[00:52:46] [worker #17] Bootstrap tree #658, logLikelihood: -30975.269916
[00:52:48] [worker #14] Bootstrap tree #655, logLikelihood: -31028.899662
[00:52:52] [worker #3] Bootstrap tree #664, logLikelihood: -31138.728876
[00:53:00] [worker #12] Bootstrap tree #653, logLikelihood: -30999.829746
[00:53:01] [worker #8] Bootstrap tree #669, logLikelihood: -31090.451619
[00:53:03] [worker #7] Bootstrap tree #668, logLikelihood: -30425.247463
[00:53:03] [worker #16] Bootstrap tree #657, logLikelihood: -30583.945235
[00:53:03] [worker #10] Bootstrap tree #651, logLikelihood: -31053.128010
[00:53:09] [worker #6] Bootstrap tree #687, logLikelihood: -31156.538880
[00:53:16] [worker #9] Bootstrap tree #690, logLikelihood: -29418.193652
[00:53:18] [worker #1] Bootstrap tree #662, logLikelihood: -29894.275002
[00:53:22] [worker #15] Bootstrap tree #656, logLikelihood: -30634.242822
[00:53:26] [worker #11] Bootstrap tree #672, logLikelihood: -30020.154252
[00:53:32] [worker #5] Bootstrap tree #686, logLikelihood: -30240.006125
[00:53:34] [worker #4] Bootstrap tree #685, logLikelihood: -31199.184409
[00:53:40] [worker #17] Bootstrap tree #678, logLikelihood: -30973.533757
[00:53:43] [worker #19] Bootstrap tree #680, logLikelihood: -31712.603089
[00:53:44] [worker #0] Bootstrap tree #681, logLikelihood: -31031.924190
[00:53:46] [worker #13] Bootstrap tree #674, logLikelihood: -29999.437024
[00:53:46] [worker #8] Bootstrap tree #689, logLikelihood: -30123.636839
[00:53:53] [worker #12] Bootstrap tree #673, logLikelihood: -30150.204297
[00:53:57] [worker #16] Bootstrap tree #677, logLikelihood: -30627.125374
[00:54:01] [worker #18] Bootstrap tree #679, logLikelihood: -30958.634401
[00:54:01] [worker #10] Bootstrap tree #671, logLikelihood: -30577.531239
[00:54:04] [worker #14] Bootstrap tree #675, logLikelihood: -30015.963833
[00:54:07] [worker #3] Bootstrap tree #684, logLikelihood: -29287.767385
[00:54:20] [worker #2] Bootstrap tree #683, logLikelihood: -30114.701660
[00:54:30] [worker #7] Bootstrap tree #688, logLikelihood: -30747.350670
[00:54:31] [worker #1] Bootstrap tree #682, logLikelihood: -29714.348253
[00:54:31] [worker #15] Bootstrap tree #676, logLikelihood: -30124.906985
[00:54:31] [worker #19] Bootstrap tree #700, logLikelihood: -30012.981930
[00:54:41] [worker #17] Bootstrap tree #698, logLikelihood: -30477.823607
[00:54:44] [worker #12] Bootstrap tree #693, logLikelihood: -30608.893752
[00:54:44] [worker #11] Bootstrap tree #692, logLikelihood: -30810.324947
[00:54:52] [worker #16] Bootstrap tree #697, logLikelihood: -30295.523945
[00:54:53] [worker #18] Bootstrap tree #699, logLikelihood: -31038.147116
[00:55:04] [worker #13] Bootstrap tree #694, logLikelihood: -30297.915416
[00:55:12] [worker #14] Bootstrap tree #695, logLikelihood: -31120.505922
[00:55:12] [worker #10] Bootstrap tree #691, logLikelihood: -30322.119839
[00:55:34] [worker #15] Bootstrap tree #696, logLikelihood: -30659.052984
[00:56:26] [worker #16] Bootstrap tree #717, logLikelihood: -30496.735846
[00:56:30] [worker #12] Bootstrap tree #713, logLikelihood: -31392.185619
[00:56:30] [worker #19] Bootstrap tree #720, logLikelihood: -29297.876081
[00:56:33] [worker #4] Bootstrap tree #705, logLikelihood: -30672.339246
[00:56:36] [worker #18] Bootstrap tree #719, logLikelihood: -30776.152626
[00:56:37] [worker #9] Bootstrap tree #710, logLikelihood: -30723.021856
[00:56:47] [worker #5] Bootstrap tree #706, logLikelihood: -30135.694020
[00:56:50] [worker #17] Bootstrap tree #718, logLikelihood: -30313.987152
[00:56:50] [worker #14] Bootstrap tree #715, logLikelihood: -31031.513592
[00:56:51] [worker #13] Bootstrap tree #714, logLikelihood: -29956.233036
[00:56:51] [worker #11] Bootstrap tree #712, logLikelihood: -29553.688138
[00:56:53] [worker #1] Bootstrap tree #702, logLikelihood: -30370.541555
[00:56:59] [worker #8] Bootstrap tree #709, logLikelihood: -29931.074203
[00:57:03] [worker #7] Bootstrap tree #708, logLikelihood: -30555.481515
[00:57:04] [worker #15] Bootstrap tree #716, logLikelihood: -30080.404365
[00:57:05] [worker #10] Bootstrap tree #711, logLikelihood: -30060.220070
[00:57:12] [worker #2] Bootstrap tree #703, logLikelihood: -30231.782417
[00:57:26] [worker #12] Bootstrap tree #733, logLikelihood: -31042.449135
[00:57:26] [worker #0] Bootstrap tree #701, logLikelihood: -30256.436921
[00:57:27] [worker #4] Bootstrap tree #725, logLikelihood: -29927.407250
[00:57:28] [worker #3] Bootstrap tree #704, logLikelihood: -29892.677927
[00:57:29] [worker #18] Bootstrap tree #739, logLikelihood: -30813.873467
[00:57:32] [worker #19] Bootstrap tree #740, logLikelihood: -30634.632469
[00:57:32] [worker #6] Bootstrap tree #707, logLikelihood: -31181.790058
[00:57:37] [worker #16] Bootstrap tree #737, logLikelihood: -30550.236639
[00:57:41] [worker #5] Bootstrap tree #726, logLikelihood: -30701.527086
[00:57:44] [worker #9] Bootstrap tree #730, logLikelihood: -29851.003627
[00:57:50] [worker #8] Bootstrap tree #729, logLikelihood: -30321.179567
[00:57:57] [worker #1] Bootstrap tree #722, logLikelihood: -29736.436967
[00:57:59] [worker #14] Bootstrap tree #735, logLikelihood: -30689.498092
[00:58:03] [worker #11] Bootstrap tree #732, logLikelihood: -30353.948496
[00:58:16] [worker #13] Bootstrap tree #734, logLikelihood: -30821.949636
[00:58:16] [worker #7] Bootstrap tree #728, logLikelihood: -30927.072950
[00:58:19] [worker #0] Bootstrap tree #721, logLikelihood: -30430.523191
[00:58:19] [worker #17] Bootstrap tree #738, logLikelihood: -29627.847888
[00:58:30] [worker #4] Bootstrap tree #745, logLikelihood: -29848.018135
[00:58:32] [worker #10] Bootstrap tree #731, logLikelihood: -29744.190554
[00:58:36] [worker #2] Bootstrap tree #723, logLikelihood: -30450.296829
[00:58:37] [worker #3] Bootstrap tree #724, logLikelihood: -30206.674755
[00:58:40] [worker #8] Bootstrap tree #749, logLikelihood: -29517.807545
[00:58:41] [worker #6] Bootstrap tree #727, logLikelihood: -31317.166934
[00:58:42] [worker #9] Bootstrap tree #750, logLikelihood: -32068.584365
[00:58:46] [worker #15] Bootstrap tree #736, logLikelihood: -30099.793451
[00:59:05] [worker #7] Bootstrap tree #748, logLikelihood: -30996.066613
[00:59:10] [worker #5] Bootstrap tree #746, logLikelihood: -30457.691997
[00:59:20] [worker #0] Bootstrap tree #741, logLikelihood: -31619.868121
[00:59:33] [worker #6] Bootstrap tree #747, logLikelihood: -30066.411076
[00:59:35] [worker #3] Bootstrap tree #744, logLikelihood: -31255.623283
[00:59:38] [worker #1] Bootstrap tree #742, logLikelihood: -30001.456630
[00:59:45] [worker #2] Bootstrap tree #743, logLikelihood: -30787.135732
[01:00:41] [worker #18] Bootstrap tree #759, logLikelihood: -29869.914154
[01:00:41] [worker #4] Bootstrap tree #765, logLikelihood: -30510.482803
[01:00:46] [worker #9] Bootstrap tree #770, logLikelihood: -30673.134926
[01:00:47] [worker #1] Bootstrap tree #762, logLikelihood: -31375.947351
[01:00:48] [worker #11] Bootstrap tree #752, logLikelihood: -31187.154342
[01:00:49] [worker #2] Bootstrap tree #763, logLikelihood: -30351.045626
[01:01:03] [worker #14] Bootstrap tree #755, logLikelihood: -30215.833940
[01:01:08] [worker #17] Bootstrap tree #758, logLikelihood: -30788.057566
[01:01:10] [worker #19] Bootstrap tree #760, logLikelihood: -30435.462936
[01:01:12] [worker #10] Bootstrap tree #751, logLikelihood: -30492.681528
[01:01:14] [worker #12] Bootstrap tree #753, logLikelihood: -30807.887773
[01:01:15] [worker #16] Bootstrap tree #757, logLikelihood: -30523.572285
[01:01:15] [worker #13] Bootstrap tree #754, logLikelihood: -30428.696505
[01:01:18] [worker #6] Bootstrap tree #767, logLikelihood: -31190.116215
[01:01:21] [worker #15] Bootstrap tree #756, logLikelihood: -29545.872898
[01:01:27] [worker #8] Bootstrap tree #769, logLikelihood: -30134.253289
[01:01:27] [worker #3] Bootstrap tree #764, logLikelihood: -30980.002101
[01:01:29] [worker #5] Bootstrap tree #766, logLikelihood: -30932.483464
[01:01:34] [worker #0] Bootstrap tree #761, logLikelihood: -30700.171524
[01:01:36] [worker #7] Bootstrap tree #768, logLikelihood: -29957.275988
[01:01:38] [worker #2] Bootstrap tree #783, logLikelihood: -30178.201755
[01:01:38] [worker #9] Bootstrap tree #790, logLikelihood: -29829.203160
[01:01:47] [worker #18] Bootstrap tree #779, logLikelihood: -31123.452226
[01:01:48] [worker #1] Bootstrap tree #782, logLikelihood: -29979.402787
[01:01:50] [worker #4] Bootstrap tree #785, logLikelihood: -30551.091357
[01:02:07] [worker #17] Bootstrap tree #778, logLikelihood: -30312.052569
[01:02:10] [worker #14] Bootstrap tree #775, logLikelihood: -31249.898457
[01:02:14] [worker #3] Bootstrap tree #784, logLikelihood: -30272.753241
[01:02:15] [worker #19] Bootstrap tree #780, logLikelihood: -29953.838217
[01:02:18] [worker #15] Bootstrap tree #776, logLikelihood: -30948.009585
[01:02:28] [worker #11] Bootstrap tree #772, logLikelihood: -30786.608761
[01:02:32] [worker #18] Bootstrap tree #799, logLikelihood: -29329.282595
[01:02:33] [worker #6] Bootstrap tree #787, logLikelihood: -31245.718218
[01:02:36] [worker #8] Bootstrap tree #789, logLikelihood: -30384.317138
[01:02:39] [worker #10] Bootstrap tree #771, logLikelihood: -30050.883187
[01:02:40] [worker #7] Bootstrap tree #788, logLikelihood: -30386.587683
[01:02:43] [worker #16] Bootstrap tree #777, logLikelihood: -30859.812649
[01:02:49] [worker #13] Bootstrap tree #774, logLikelihood: -30988.897292
[01:02:53] [worker #0] Bootstrap tree #781, logLikelihood: -31648.834843
[01:03:01] [worker #5] Bootstrap tree #786, logLikelihood: -30323.992724
[01:03:18] [worker #17] Bootstrap tree #798, logLikelihood: -30884.289305
[01:03:20] [worker #12] Bootstrap tree #773, logLikelihood: -29991.563070
[01:03:27] [worker #15] Bootstrap tree #796, logLikelihood: -31058.721266
[01:03:33] [worker #11] Bootstrap tree #792, logLikelihood: -30365.819944
[01:03:33] [worker #19] Bootstrap tree #800, logLikelihood: -30545.615914
[01:03:35] [worker #16] Bootstrap tree #797, logLikelihood: -31449.440331
[01:03:47] [worker #14] Bootstrap tree #795, logLikelihood: -30827.281561
[01:03:49] [worker #10] Bootstrap tree #791, logLikelihood: -31030.442701
[01:04:02] [worker #13] Bootstrap tree #794, logLikelihood: -30895.725808
[01:04:07] [worker #12] Bootstrap tree #793, logLikelihood: -30353.529109
[01:05:01] [worker #10] Bootstrap tree #811, logLikelihood: -30935.493511
[01:05:04] [worker #8] Bootstrap tree #809, logLikelihood: -30997.175881
[01:05:07] [worker #16] Bootstrap tree #817, logLikelihood: -29895.937956
[01:05:08] [worker #17] Bootstrap tree #818, logLikelihood: -30728.794348
[01:05:10] [worker #9] Bootstrap tree #810, logLikelihood: -30221.284423
[01:05:10] [worker #0] Bootstrap tree #801, logLikelihood: -30555.382062
[01:05:10] [worker #14] Bootstrap tree #815, logLikelihood: -30697.810573
[01:05:13] [worker #3] Bootstrap tree #804, logLikelihood: -30962.741396
[01:05:15] [worker #2] Bootstrap tree #803, logLikelihood: -30242.990480
[01:05:15] [worker #11] Bootstrap tree #812, logLikelihood: -30282.717172
[01:05:16] [worker #1] Bootstrap tree #802, logLikelihood: -29928.016727
[01:05:19] [worker #6] Bootstrap tree #807, logLikelihood: -31386.579599
[01:05:22] [worker #19] Bootstrap tree #820, logLikelihood: -29846.091062
[01:05:25] [worker #4] Bootstrap tree #805, logLikelihood: -31668.386387
[01:05:34] [worker #12] Bootstrap tree #813, logLikelihood: -30512.579086
[01:05:36] [worker #7] Bootstrap tree #808, logLikelihood: -30152.686913
[01:05:38] [worker #18] Bootstrap tree #819, logLikelihood: -30501.748202
[01:05:42] [worker #5] Bootstrap tree #806, logLikelihood: -31327.582664
[01:05:43] [worker #15] Bootstrap tree #816, logLikelihood: -31223.815908
[01:05:53] [worker #13] Bootstrap tree #814, logLikelihood: -30722.032048
[01:05:55] [worker #14] Bootstrap tree #835, logLikelihood: -30450.107798
[01:05:59] [worker #8] Bootstrap tree #829, logLikelihood: -30790.318788
[01:06:01] [worker #3] Bootstrap tree #824, logLikelihood: -30709.300376
[01:06:05] [worker #0] Bootstrap tree #821, logLikelihood: -30137.093409
[01:06:08] [worker #9] Bootstrap tree #830, logLikelihood: -30949.583596
[01:06:12] [worker #1] Bootstrap tree #822, logLikelihood: -30178.443840
[01:06:17] [worker #6] Bootstrap tree #827, logLikelihood: -31125.749081
[01:06:19] [worker #4] Bootstrap tree #825, logLikelihood: -30958.738508
[01:06:21] [worker #10] Bootstrap tree #831, logLikelihood: -31020.694264
[01:06:21] [worker #16] Bootstrap tree #837, logLikelihood: -31072.709356
[01:06:30] [worker #11] Bootstrap tree #832, logLikelihood: -30521.788083
[01:06:30] [worker #18] Bootstrap tree #839, logLikelihood: -30146.565343
[01:06:31] [worker #12] Bootstrap tree #833, logLikelihood: -31417.135180
[01:06:38] [worker #2] Bootstrap tree #823, logLikelihood: -31191.071497
[01:06:41] [worker #7] Bootstrap tree #828, logLikelihood: -30538.864268
[01:06:43] [worker #19] Bootstrap tree #840, logLikelihood: -30481.486635
[01:06:45] [worker #5] Bootstrap tree #826, logLikelihood: -30557.635831
[01:06:52] [worker #15] Bootstrap tree #836, logLikelihood: -29775.021033
[01:06:59] [worker #8] Bootstrap tree #849, logLikelihood: -30685.819768
[01:07:02] [worker #13] Bootstrap tree #834, logLikelihood: -30512.224553
[01:07:03] [worker #0] Bootstrap tree #841, logLikelihood: -30549.696768
[01:07:04] [worker #3] Bootstrap tree #844, logLikelihood: -29681.268098
[01:07:08] [worker #4] Bootstrap tree #845, logLikelihood: -30279.042300
[01:07:12] [worker #17] Bootstrap tree #838, logLikelihood: -31141.629446
[01:07:20] [worker #1] Bootstrap tree #842, logLikelihood: -29971.958168
[01:07:24] [worker #9] Bootstrap tree #850, logLikelihood: -29923.757861
[01:07:24] [worker #6] Bootstrap tree #847, logLikelihood: -30301.866435
[01:07:30] [worker #2] Bootstrap tree #843, logLikelihood: -31180.027628
[01:07:33] [worker #5] Bootstrap tree #846, logLikelihood: -30803.128988
[01:08:07] [worker #7] Bootstrap tree #848, logLikelihood: -30390.266649
[01:09:05] [worker #11] Bootstrap tree #852, logLikelihood: -31179.486071
[01:09:08] [worker #19] Bootstrap tree #860, logLikelihood: -30670.337888
[01:09:08] [worker #8] Bootstrap tree #869, logLikelihood: -31180.223307
[01:09:10] [worker #15] Bootstrap tree #856, logLikelihood: -30678.736834
[01:09:12] [worker #17] Bootstrap tree #858, logLikelihood: -31092.458436
[01:09:14] [worker #6] Bootstrap tree #867, logLikelihood: -30652.127913
[01:09:14] [worker #16] Bootstrap tree #857, logLikelihood: -30212.767265
[01:09:18] [worker #18] Bootstrap tree #859, logLikelihood: -30343.058718
[01:09:22] [worker #0] Bootstrap tree #861, logLikelihood: -31147.304263
[01:09:23] [worker #14] Bootstrap tree #855, logLikelihood: -30202.254531
[01:09:24] [worker #12] Bootstrap tree #853, logLikelihood: -31143.386683
[01:09:26] [worker #3] Bootstrap tree #864, logLikelihood: -31152.457307
[01:09:30] [worker #9] Bootstrap tree #870, logLikelihood: -30862.340433
[01:09:33] [worker #5] Bootstrap tree #866, logLikelihood: -30549.033953
[01:09:36] [worker #13] Bootstrap tree #854, logLikelihood: -31652.679591
[01:09:38] [worker #10] Bootstrap tree #851, logLikelihood: -31081.855202
[01:09:41] [worker #1] Bootstrap tree #862, logLikelihood: -30486.337858
[01:09:42] [worker #7] Bootstrap tree #868, logLikelihood: -30932.452147
[01:09:59] [worker #11] Bootstrap tree #872, logLikelihood: -29895.242048
[01:10:00] [worker #2] Bootstrap tree #863, logLikelihood: -30518.090006
[01:10:07] [worker #16] Bootstrap tree #877, logLikelihood: -29848.922884
[01:10:07] [worker #18] Bootstrap tree #879, logLikelihood: -30663.394605
[01:10:16] [worker #3] Bootstrap tree #884, logLikelihood: -30309.419163
[01:10:16] [worker #17] Bootstrap tree #878, logLikelihood: -30628.672986
[01:10:17] [worker #19] Bootstrap tree #880, logLikelihood: -30985.803833
[01:10:20] [worker #5] Bootstrap tree #886, logLikelihood: -30342.019783
[01:10:22] [worker #9] Bootstrap tree #890, logLikelihood: -30725.787314
[01:10:22] [worker #6] Bootstrap tree #887, logLikelihood: -30925.817764
[01:10:25] [worker #14] Bootstrap tree #875, logLikelihood: -30328.220495
[01:10:27] [worker #7] Bootstrap tree #888, logLikelihood: -30470.771192
[01:10:30] [worker #4] Bootstrap tree #865, logLikelihood: -31435.559289
[01:10:32] [worker #1] Bootstrap tree #882, logLikelihood: -30106.089808
[01:10:42] [worker #0] Bootstrap tree #881, logLikelihood: -29991.047278
[01:10:42] [worker #12] Bootstrap tree #873, logLikelihood: -30588.965834
[01:10:54] [worker #8] Bootstrap tree #889, logLikelihood: -31358.592428
[01:10:55] [worker #10] Bootstrap tree #871, logLikelihood: -30790.369471
[01:10:59] [worker #18] Bootstrap tree #899, logLikelihood: -31171.466146
[01:11:00] [worker #16] Bootstrap tree #897, logLikelihood: -30662.875011
[01:11:00] [worker #15] Bootstrap tree #876, logLikelihood: -30821.720889
[01:11:04] [worker #11] Bootstrap tree #892, logLikelihood: -29678.625443
[01:11:07] [worker #13] Bootstrap tree #874, logLikelihood: -31473.025577
[01:11:08] [worker #2] Bootstrap tree #883, logLikelihood: -30171.037232
[01:11:16] [worker #17] Bootstrap tree #898, logLikelihood: -30932.417200
[01:11:31] [worker #19] Bootstrap tree #900, logLikelihood: -30229.144425
[01:11:34] [worker #12] Bootstrap tree #893, logLikelihood: -30800.742287
[01:11:47] [worker #10] Bootstrap tree #891, logLikelihood: -30686.164913
[01:11:48] [worker #14] Bootstrap tree #895, logLikelihood: -31004.540095
[01:11:52] [worker #13] Bootstrap tree #894, logLikelihood: -31130.219599
[01:12:00] [worker #15] Bootstrap tree #896, logLikelihood: -30901.062688
[01:12:42] [worker #4] Bootstrap tree #885, logLikelihood: -30351.712715
[01:13:36] [worker #3] Bootstrap tree #904, logLikelihood: -30074.145200
[01:13:41] [worker #8] Bootstrap tree #909, logLikelihood: -30376.026232
[01:13:44] [worker #7] Bootstrap tree #908, logLikelihood: -31901.347797
[01:13:44] [worker #1] Bootstrap tree #902, logLikelihood: -30952.913049
[01:13:46] [worker #5] Bootstrap tree #906, logLikelihood: -30085.874744
[01:13:46] [worker #2] Bootstrap tree #903, logLikelihood: -30439.104853
[01:13:53] [worker #16] Bootstrap tree #917, logLikelihood: -31129.224242
[01:13:55] [worker #12] Bootstrap tree #913, logLikelihood: -31402.352807
[01:13:58] [worker #10] Bootstrap tree #911, logLikelihood: -31214.281876
[01:14:02] [worker #4] Bootstrap tree #905, logLikelihood: -31369.600773
[01:14:05] [worker #13] Bootstrap tree #914, logLikelihood: -30469.131924
[01:14:09] [worker #15] Bootstrap tree #916, logLikelihood: -30833.833296
[01:14:10] [worker #6] Bootstrap tree #907, logLikelihood: -30627.064360
[01:14:12] [worker #18] Bootstrap tree #919, logLikelihood: -31238.690389
[01:14:14] [worker #14] Bootstrap tree #915, logLikelihood: -30009.242953
[01:14:17] [worker #0] Bootstrap tree #901, logLikelihood: -30273.186913
[01:14:19] [worker #11] Bootstrap tree #912, logLikelihood: -30047.935000
[01:14:20] [worker #9] Bootstrap tree #910, logLikelihood: -29959.757499
[01:14:21] [worker #19] Bootstrap tree #920, logLikelihood: -30388.916103
[01:14:34] [worker #3] Bootstrap tree #924, logLikelihood: -30509.346233
[01:14:36] [worker #7] Bootstrap tree #928, logLikelihood: -31056.641948
[01:14:36] [worker #17] Bootstrap tree #918, logLikelihood: -30023.449798
[01:14:39] [worker #2] Bootstrap tree #923, logLikelihood: -29976.012324
[01:14:56] [worker #12] Bootstrap tree #933, logLikelihood: -30064.421670
[01:14:57] [worker #5] Bootstrap tree #926, logLikelihood: -31375.309149
[01:14:58] [worker #15] Bootstrap tree #936, logLikelihood: -30383.155772
[01:15:02] [worker #13] Bootstrap tree #934, logLikelihood: -30923.289007
[01:15:10] [worker #18] Bootstrap tree #939, logLikelihood: -30776.951835
[01:15:13] [worker #0] Bootstrap tree #921, logLikelihood: -30351.425008
[01:15:14] [worker #8] Bootstrap tree #929, logLikelihood: -31478.650427
[01:15:15] [worker #14] Bootstrap tree #935, logLikelihood: -30523.031486
[01:15:16] [worker #1] Bootstrap tree #922, logLikelihood: -30783.073544
[01:15:16] [worker #16] Bootstrap tree #937, logLikelihood: -31090.378821
[01:15:24] [worker #10] Bootstrap tree #931, logLikelihood: -30567.479323
[01:15:29] [worker #17] Bootstrap tree #938, logLikelihood: -30280.095240
[01:15:33] [worker #19] Bootstrap tree #940, logLikelihood: -30645.229276
[01:15:36] [worker #6] Bootstrap tree #927, logLikelihood: -31167.951299
[01:15:38] [worker #11] Bootstrap tree #932, logLikelihood: -30693.313488
[01:15:42] [worker #4] Bootstrap tree #925, logLikelihood: -30783.997054
[01:15:42] [worker #9] Bootstrap tree #930, logLikelihood: -30274.068647
[01:15:54] [worker #2] Bootstrap tree #943, logLikelihood: -30946.242497
[01:16:00] [worker #8] Bootstrap tree #949, logLikelihood: -30143.562006
[01:16:00] [worker #3] Bootstrap tree #944, logLikelihood: -31748.410088
[01:16:05] [worker #5] Bootstrap tree #946, logLikelihood: -30452.853266
[01:16:23] [worker #7] Bootstrap tree #948, logLikelihood: -30647.041169
[01:16:36] [worker #0] Bootstrap tree #941, logLikelihood: -30344.136450
[01:16:43] [worker #1] Bootstrap tree #942, logLikelihood: -31596.954919
[01:16:47] [worker #6] Bootstrap tree #947, logLikelihood: -30445.764085
[01:17:06] [worker #4] Bootstrap tree #945, logLikelihood: -31154.895761
[01:17:15] [worker #9] Bootstrap tree #950, logLikelihood: -30516.854746
[01:18:11] [worker #8] Bootstrap tree #969, logLikelihood: -30758.748976
[01:18:11] [worker #3] Bootstrap tree #964, logLikelihood: -29827.567403
[01:18:15] [worker #9] Bootstrap tree #970, logLikelihood: -30757.041203
[01:18:16] [worker #2] Bootstrap tree #963, logLikelihood: -30392.928391
[01:18:18] [worker #16] Bootstrap tree #957, logLikelihood: -31059.862673
[01:18:18] [worker #13] Bootstrap tree #954, logLikelihood: -31188.585177
[01:18:19] [worker #1] Bootstrap tree #962, logLikelihood: -30578.060031
[01:18:19] [worker #19] Bootstrap tree #960, logLikelihood: -30673.631729
[01:18:26] [worker #0] Bootstrap tree #961, logLikelihood: -30211.062395
[01:18:32] [worker #12] Bootstrap tree #953, logLikelihood: -30401.495371
[01:18:36] [worker #15] Bootstrap tree #956, logLikelihood: -29625.626365
[01:18:36] [worker #17] Bootstrap tree #958, logLikelihood: -30156.186603
[01:18:36] [worker #6] Bootstrap tree #967, logLikelihood: -30662.768152
[01:18:36] [worker #10] Bootstrap tree #951, logLikelihood: -30577.893232
[01:18:38] [worker #4] Bootstrap tree #965, logLikelihood: -30118.761392
[01:18:41] [worker #7] Bootstrap tree #968, logLikelihood: -30329.916718
[01:18:42] [worker #11] Bootstrap tree #952, logLikelihood: -30041.903502
[01:18:46] [worker #18] Bootstrap tree #959, logLikelihood: -30463.784610
[01:18:51] [worker #5] Bootstrap tree #966, logLikelihood: -30614.152105
[01:19:06] [worker #3] Bootstrap tree #984, logLikelihood: -30592.186264
[01:19:06] [worker #2] Bootstrap tree #983, logLikelihood: -30448.041293
[01:19:07] [worker #13] Bootstrap tree #974, logLikelihood: -30606.208315
[01:19:11] [worker #1] Bootstrap tree #982, logLikelihood: -29751.759738
[01:19:18] [worker #19] Bootstrap tree #980, logLikelihood: -29482.534562
[01:19:18] [worker #12] Bootstrap tree #973, logLikelihood: -29885.296454
[01:19:24] [worker #0] Bootstrap tree #981, logLikelihood: -29921.103440
[01:19:25] [worker #14] Bootstrap tree #955, logLikelihood: -30231.857206
[01:19:27] [worker #15] Bootstrap tree #976, logLikelihood: -30895.051960
[01:19:28] [worker #8] Bootstrap tree #989, logLikelihood: -31502.689913
[01:19:31] [worker #10] Bootstrap tree #971, logLikelihood: -30147.813498
[01:19:32] [worker #4] Bootstrap tree #985, logLikelihood: -30872.888362
[01:19:34] [worker #6] Bootstrap tree #987, logLikelihood: -30653.427384
[01:19:37] [worker #9] Bootstrap tree #990, logLikelihood: -30990.976653
[01:19:37] [worker #16] Bootstrap tree #977, logLikelihood: -30715.359289
[01:19:39] [worker #11] Bootstrap tree #972, logLikelihood: -31317.937663
[01:19:43] [worker #7] Bootstrap tree #988, logLikelihood: -30434.211687
[01:19:44] [worker #17] Bootstrap tree #978, logLikelihood: -30394.545632
[01:19:56] [worker #5] Bootstrap tree #986, logLikelihood: -30761.161942
[01:19:59] [worker #18] Bootstrap tree #979, logLikelihood: -30937.640743
[01:20:01] [worker #12] Bootstrap tree #993, logLikelihood: -30526.111938
[01:20:14] [worker #15] Bootstrap tree #996, logLikelihood: -30412.361163
[01:20:22] [worker #19] Bootstrap tree #1000, logLikelihood: -30014.096918
[01:20:23] [worker #16] Bootstrap tree #997, logLikelihood: -28884.217390
[01:20:23] [worker #10] Bootstrap tree #991, logLikelihood: -30282.574357
[01:20:28] [worker #11] Bootstrap tree #992, logLikelihood: -30660.432477
[01:20:39] [worker #13] Bootstrap tree #994, logLikelihood: -31060.971105
[01:20:41] [worker #17] Bootstrap tree #998, logLikelihood: -30996.243484
[01:20:43] [worker #18] Bootstrap tree #999, logLikelihood: -30018.294788
[01:20:43] [worker #14] Bootstrap tree #975, logLikelihood: -29488.995249
[01:21:33] [worker #14] Bootstrap tree #995, logLikelihood: -30968.471619

Optimized model parameters:

   Partition 0: noname
   Rate heterogeneity: GAMMA (4 cats, mean),  alpha: 0.708677 (ML),  weights&rates: (0.250000,0.076043) (0.250000,0.367596) (0.250000,0.928042) (0.250000,2.628320) 
   P-inv (ML): 0.790015
   Base frequencies (ML): 0.239418 0.241473 0.266656 0.252453 
   Substitution rates (ML): 1.079015 3.774032 1.337326 0.409815 3.579142 1.000000 


Final LogLikelihood: -30753.950376

AIC score: 61989.900751 / AICc score: 62001.392771 / BIC score: 63736.859517
Free parameters (model + branch lengths): 241

WARNING: Best ML tree contains 32 near-zero branches!

Best ML tree with collapsed near-zero branches saved to: /data/ps/operon_travel/tmp/og_in_region/pdu/pdu.fasta.raxml.bestTreeCollapsed
Best ML tree saved to: /data/ps/operon_travel/tmp/og_in_region/pdu/pdu.fasta.raxml.bestTree
All ML trees saved to: /data/ps/operon_travel/tmp/og_in_region/pdu/pdu.fasta.raxml.mlTrees
Best ML tree with Felsenstein bootstrap (FBP) support values saved to: /data/ps/operon_travel/tmp/og_in_region/pdu/pdu.fasta.raxml.support
Optimized model saved to: /data/ps/operon_travel/tmp/og_in_region/pdu/pdu.fasta.raxml.bestModel
Bootstrap trees saved to: /data/ps/operon_travel/tmp/og_in_region/pdu/pdu.fasta.raxml.bootstraps

Execution log saved to: /data/ps/operon_travel/tmp/og_in_region/pdu/pdu.fasta.raxml.log

Analysis started: 09-Sep-2020 19:11:06 / finished: 09-Sep-2020 20:32:51

Elapsed time: 4904.146 seconds

